<?xml version="1.0" encoding="UTF-8"?>
<testsuites name="EverReach Backend Tests" tests="24" failures="0" errors="0" time="0.404">
  <testsuite name="emitAll — zero destinations" errors="0" failures="0" skipped="0" timestamp="2026-03-29T01:41:23" time="0.256" tests="24">
    <testcase classname="emitAll — zero destinations" name="warns and returns early when no env flags are set" time="0.006">
    </testcase>
    <testcase classname="emitAll — zero destinations" name="includes user_id in the warning message" time="0.001">
    </testcase>
    <testcase classname="emitAll — zero destinations" name="does not throw when no destinations configured" time="0.001">
    </testcase>
    <testcase classname="emitAll — Meta CAPI" name="calls Meta CAPI for INITIAL_PURCHASE in production" time="0.002">
    </testcase>
    <testcase classname="emitAll — Meta CAPI" name="sends access_token in the URL" time="0.001">
    </testcase>
    <testcase classname="emitAll — Meta CAPI" name="skips SANDBOX events — no fetch call" time="0.001">
    </testcase>
    <testcase classname="emitAll — Meta CAPI" name="does not throw when CAPI returns HTTP error — logs instead" time="0.001">
    </testcase>
    <testcase classname="emitAll — Meta CAPI" name="does not throw when fetch itself throws — logs instead" time="0.001">
    </testcase>
    <testcase classname="emitAll — Meta CAPI" name="silently returns when META_PIXEL_ID is missing" time="0.001">
    </testcase>
    <testcase classname="emitAll — Meta CAPI" name="silently returns when both META_CONVERSIONS_API_TOKEN and META_CAPI_TOKEN are missing" time="0.001">
    </testcase>
    <testcase classname="emitAll — Meta CAPI" name="includes hashed email in user_data when email is present" time="0.001">
    </testcase>
    <testcase classname="emitAll — Meta CAPI" name="includes fbc wrapped in fb. format when raw fbclid present" time="0.007">
    </testcase>
    <testcase classname="emitAll — Meta CAPI" name="passes fbc through unchanged when already in fb. format" time="0.003">
    </testcase>
    <testcase classname="emitAll — Meta CAPI" name="sends test_event_code when META_TEST_EVENT_CODE is set" time="0.001">
    </testcase>
    <testcase classname="emitAll — event kind mapping" name="kind=initial_purchase → Meta event_name=Purchase" time="0">
    </testcase>
    <testcase classname="emitAll — event kind mapping" name="kind=trial_started → Meta event_name=StartTrial" time="0">
    </testcase>
    <testcase classname="emitAll — event kind mapping" name="kind=renewal → Meta event_name=Purchase" time="0.001">
    </testcase>
    <testcase classname="emitAll — event kind mapping" name="kind=cancellation → Meta event_name=Cancel" time="0">
    </testcase>
    <testcase classname="emitAll — event kind mapping" name="kind=expiration → Meta event_name=Churn" time="0.001">
    </testcase>
    <testcase classname="emitAll — event kind mapping" name="kind=refund → Meta event_name=Refund" time="0">
    </testcase>
    <testcase classname="emitAll — event kind mapping" name="kind=billing_issue → Meta event_name=BillingIssue" time="0.002">
    </testcase>
    <testcase classname="emitAll — event kind mapping" name="kind=uncancellation → Meta event_name=Reactivate" time="0.001">
    </testcase>
    <testcase classname="emitAll — event kind mapping" name="kind=product_change → Meta event_name=Subscribe" time="0">
    </testcase>
    <testcase classname="emitAll — event kind mapping" name="kind=non_subscription_purchase → Meta event_name=Purchase" time="0">
    </testcase>
  </testsuite>
</testsuites>