{"/Users/isaiahdupree/Documents/Software/EverReachOrganized/ios-app/components/paywall/PaywallRouter.tsx": {"path":"/Users/isaiahdupree/Documents/Software/EverReachOrganized/ios-app/components/paywall/PaywallRouter.tsx","statementMap":{"0":{"start":{"line":23,"column":37},"end":{"line":23,"column":53}},"1":{"start":{"line":24,"column":60},"end":{"line":24,"column":77}},"2":{"start":{"line":25,"column":17},"end":{"line":25,"column":28}},"3":{"start":{"line":28,"column":42},"end":{"line":28,"column":63}},"4":{"start":{"line":32,"column":2},"end":{"line":35,"column":3}},"5":{"start":{"line":34,"column":4},"end":{"line":34,"column":34}},"6":{"start":{"line":37,"column":2},"end":{"line":44,"column":3}},"7":{"start":{"line":38,"column":4},"end":{"line":43,"column":6}},"8":{"start":{"line":47,"column":2},"end":{"line":56,"column":3}},"9":{"start":{"line":48,"column":4},"end":{"line":54,"column":5}},"10":{"start":{"line":49,"column":6},"end":{"line":53,"column":9}},"11":{"start":{"line":55,"column":4},"end":{"line":55,"column":34}},"12":{"start":{"line":59,"column":2},"end":{"line":129,"column":3}},"13":{"start":{"line":60,"column":26},"end":{"line":60,"column":41}},"14":{"start":{"line":63,"column":4},"end":{"line":71,"column":5}},"15":{"start":{"line":64,"column":6},"end":{"line":70,"column":8}},"16":{"start":{"line":73,"column":4},"end":{"line":128,"column":6}},"17":{"start":{"line":78,"column":10},"end":{"line":78,"column":92}},"18":{"start":{"line":79,"column":10},"end":{"line":79,"column":32}},"19":{"start":{"line":81,"column":10},"end":{"line":121,"column":11}},"20":{"start":{"line":84,"column":28},"end":{"line":84,"column":52}},"21":{"start":{"line":86,"column":12},"end":{"line":86,"column":68}},"22":{"start":{"line":88,"column":12},"end":{"line":91,"column":13}},"23":{"start":{"line":90,"column":14},"end":{"line":90,"column":42}},"24":{"start":{"line":94,"column":12},"end":{"line":94,"column":40}},"25":{"start":{"line":97,"column":12},"end":{"line":97,"column":67}},"26":{"start":{"line":97,"column":41},"end":{"line":97,"column":65}},"27":{"start":{"line":101,"column":12},"end":{"line":114,"column":13}},"28":{"start":{"line":102,"column":14},"end":{"line":102,"column":91}},"29":{"start":{"line":103,"column":14},"end":{"line":103,"column":57}},"30":{"start":{"line":105,"column":14},"end":{"line":109,"column":16}},"31":{"start":{"line":108,"column":55},"end":{"line":108,"column":68}},"32":{"start":{"line":111,"column":14},"end":{"line":111,"column":99}},"33":{"start":{"line":113,"column":14},"end":{"line":113,"column":28}},"34":{"start":{"line":116,"column":12},"end":{"line":116,"column":86}},"35":{"start":{"line":118,"column":12},"end":{"line":118,"column":26}},"36":{"start":{"line":120,"column":12},"end":{"line":120,"column":35}},"37":{"start":{"line":125,"column":10},"end":{"line":125,"column":29}},"38":{"start":{"line":132,"column":2},"end":{"line":234,"column":3}},"39":{"start":{"line":134,"column":6},"end":{"line":134,"column":36}},"40":{"start":{"line":138,"column":6},"end":{"line":145,"column":7}},"41":{"start":{"line":139,"column":8},"end":{"line":143,"column":11}},"42":{"start":{"line":144,"column":8},"end":{"line":144,"column":38}},"43":{"start":{"line":147,"column":6},"end":{"line":147,"column":93}},"44":{"start":{"line":148,"column":6},"end":{"line":172,"column":8}},"45":{"start":{"line":155,"column":12},"end":{"line":155,"column":62}},"46":{"start":{"line":158,"column":12},"end":{"line":158,"column":61}},"47":{"start":{"line":161,"column":12},"end":{"line":161,"column":66}},"48":{"start":{"line":162,"column":12},"end":{"line":162,"column":41}},"49":{"start":{"line":165,"column":12},"end":{"line":165,"column":61}},"50":{"start":{"line":166,"column":12},"end":{"line":166,"column":32}},"51":{"start":{"line":169,"column":12},"end":{"line":169,"column":61}},"52":{"start":{"line":177,"column":6},"end":{"line":184,"column":7}},"53":{"start":{"line":178,"column":8},"end":{"line":182,"column":11}},"54":{"start":{"line":183,"column":8},"end":{"line":183,"column":38}},"55":{"start":{"line":188,"column":28},"end":{"line":188,"column":64}},"56":{"start":{"line":189,"column":6},"end":{"line":189,"column":89}},"57":{"start":{"line":190,"column":6},"end":{"line":224,"column":8}},"58":{"start":{"line":195,"column":12},"end":{"line":195,"column":88}},"59":{"start":{"line":197,"column":12},"end":{"line":217,"column":13}},"60":{"start":{"line":199,"column":14},"end":{"line":199,"column":42}},"61":{"start":{"line":201,"column":14},"end":{"line":201,"column":70}},"62":{"start":{"line":202,"column":14},"end":{"line":202,"column":57}},"63":{"start":{"line":205,"column":14},"end":{"line":209,"column":16}},"64":{"start":{"line":208,"column":55},"end":{"line":208,"column":73}},"65":{"start":{"line":211,"column":14},"end":{"line":211,"column":88}},"66":{"start":{"line":212,"column":14},"end":{"line":216,"column":16}},"67":{"start":{"line":215,"column":46},"end":{"line":215,"column":64}},"68":{"start":{"line":220,"column":12},"end":{"line":220,"column":79}},"69":{"start":{"line":221,"column":12},"end":{"line":221,"column":31}},"70":{"start":{"line":228,"column":6},"end":{"line":232,"column":9}},"71":{"start":{"line":233,"column":6},"end":{"line":233,"column":36}}},"fnMap":{"0":{"name":"PaywallRouter","decl":{"start":{"line":22,"column":16},"end":{"line":22,"column":29}},"loc":{"start":{"line":22,"column":57},"end":{"line":235,"column":1}},"line":22},"1":{"name":"(anonymous_1)","decl":{"start":{"line":77,"column":28},"end":{"line":77,"column":29}},"loc":{"start":{"line":77,"column":40},"end":{"line":122,"column":9}},"line":77},"2":{"name":"(anonymous_2)","decl":{"start":{"line":97,"column":30},"end":{"line":97,"column":31}},"loc":{"start":{"line":97,"column":41},"end":{"line":97,"column":65}},"line":97},"3":{"name":"(anonymous_3)","decl":{"start":{"line":108,"column":49},"end":{"line":108,"column":50}},"loc":{"start":{"line":108,"column":55},"end":{"line":108,"column":68}},"line":108},"4":{"name":"(anonymous_4)","decl":{"start":{"line":123,"column":19},"end":{"line":123,"column":20}},"loc":{"start":{"line":123,"column":25},"end":{"line":126,"column":9}},"line":123},"5":{"name":"(anonymous_5)","decl":{"start":{"line":154,"column":30},"end":{"line":154,"column":31}},"loc":{"start":{"line":154,"column":36},"end":{"line":156,"column":11}},"line":154},"6":{"name":"(anonymous_6)","decl":{"start":{"line":157,"column":29},"end":{"line":157,"column":30}},"loc":{"start":{"line":157,"column":35},"end":{"line":159,"column":11}},"line":157},"7":{"name":"(anonymous_7)","decl":{"start":{"line":160,"column":24},"end":{"line":160,"column":25}},"loc":{"start":{"line":160,"column":36},"end":{"line":163,"column":11}},"line":160},"8":{"name":"(anonymous_8)","decl":{"start":{"line":164,"column":21},"end":{"line":164,"column":22}},"loc":{"start":{"line":164,"column":27},"end":{"line":167,"column":11}},"line":164},"9":{"name":"(anonymous_9)","decl":{"start":{"line":168,"column":21},"end":{"line":168,"column":22}},"loc":{"start":{"line":168,"column":27},"end":{"line":170,"column":11}},"line":168},"10":{"name":"(anonymous_10)","decl":{"start":{"line":194,"column":30},"end":{"line":194,"column":31}},"loc":{"start":{"line":194,"column":42},"end":{"line":218,"column":11}},"line":194},"11":{"name":"(anonymous_11)","decl":{"start":{"line":208,"column":49},"end":{"line":208,"column":50}},"loc":{"start":{"line":208,"column":55},"end":{"line":208,"column":73}},"line":208},"12":{"name":"(anonymous_12)","decl":{"start":{"line":215,"column":40},"end":{"line":215,"column":41}},"loc":{"start":{"line":215,"column":46},"end":{"line":215,"column":64}},"line":215},"13":{"name":"(anonymous_13)","decl":{"start":{"line":219,"column":21},"end":{"line":219,"column":22}},"loc":{"start":{"line":219,"column":27},"end":{"line":222,"column":11}},"line":219}},"branchMap":{"0":{"loc":{"start":{"line":32,"column":2},"end":{"line":35,"column":3}},"type":"if","locations":[{"start":{"line":32,"column":2},"end":{"line":35,"column":3}},{"start":{},"end":{}}],"line":32},"1":{"loc":{"start":{"line":32,"column":6},"end":{"line":32,"column":37}},"type":"binary-expr","locations":[{"start":{"line":32,"column":6},"end":{"line":32,"column":27}},{"start":{"line":32,"column":31},"end":{"line":32,"column":37}}],"line":32},"2":{"loc":{"start":{"line":37,"column":2},"end":{"line":44,"column":3}},"type":"if","locations":[{"start":{"line":37,"column":2},"end":{"line":44,"column":3}},{"start":{},"end":{}}],"line":37},"3":{"loc":{"start":{"line":47,"column":2},"end":{"line":56,"column":3}},"type":"if","locations":[{"start":{"line":47,"column":2},"end":{"line":56,"column":3}},{"start":{},"end":{}}],"line":47},"4":{"loc":{"start":{"line":47,"column":6},"end":{"line":47,"column":22}},"type":"binary-expr","locations":[{"start":{"line":47,"column":6},"end":{"line":47,"column":11}},{"start":{"line":47,"column":15},"end":{"line":47,"column":22}}],"line":47},"5":{"loc":{"start":{"line":48,"column":4},"end":{"line":54,"column":5}},"type":"if","locations":[{"start":{"line":48,"column":4},"end":{"line":54,"column":5}},{"start":{},"end":{}}],"line":48},"6":{"loc":{"start":{"line":59,"column":2},"end":{"line":129,"column":3}},"type":"if","locations":[{"start":{"line":59,"column":2},"end":{"line":129,"column":3}},{"start":{},"end":{}}],"line":59},"7":{"loc":{"start":{"line":63,"column":4},"end":{"line":71,"column":5}},"type":"if","locations":[{"start":{"line":63,"column":4},"end":{"line":71,"column":5}},{"start":{},"end":{}}],"line":63},"8":{"loc":{"start":{"line":88,"column":12},"end":{"line":91,"column":13}},"type":"if","locations":[{"start":{"line":88,"column":12},"end":{"line":91,"column":13}},{"start":{},"end":{}}],"line":88},"9":{"loc":{"start":{"line":101,"column":12},"end":{"line":114,"column":13}},"type":"if","locations":[{"start":{"line":101,"column":12},"end":{"line":114,"column":13}},{"start":{"line":110,"column":19},"end":{"line":114,"column":13}}],"line":101},"10":{"loc":{"start":{"line":132,"column":2},"end":{"line":234,"column":3}},"type":"switch","locations":[{"start":{"line":133,"column":4},"end":{"line":134,"column":36}},{"start":{"line":136,"column":4},"end":{"line":173,"column":5}},{"start":{"line":175,"column":4},"end":{"line":225,"column":5}},{"start":{"line":227,"column":4},"end":{"line":233,"column":36}}],"line":132},"11":{"loc":{"start":{"line":138,"column":6},"end":{"line":145,"column":7}},"type":"if","locations":[{"start":{"line":138,"column":6},"end":{"line":145,"column":7}},{"start":{},"end":{}}],"line":138},"12":{"loc":{"start":{"line":177,"column":6},"end":{"line":184,"column":7}},"type":"if","locations":[{"start":{"line":177,"column":6},"end":{"line":184,"column":7}},{"start":{},"end":{}}],"line":177},"13":{"loc":{"start":{"line":188,"column":28},"end":{"line":188,"column":64}},"type":"binary-expr","locations":[{"start":{"line":188,"column":28},"end":{"line":188,"column":45}},{"start":{"line":188,"column":49},"end":{"line":188,"column":64}}],"line":188}},"s":{"0":21,"1":21,"2":0,"3":0,"4":0,"5":0,"6":0,"7":0,"8":0,"9":0,"10":0,"11":0,"12":0,"13":0,"14":0,"15":0,"16":0,"17":0,"18":0,"19":0,"20":0,"21":0,"22":0,"23":0,"24":0,"25":0,"26":0,"27":0,"28":0,"29":0,"30":0,"31":0,"32":0,"33":0,"34":0,"35":0,"36":0,"37":0,"38":0,"39":0,"40":0,"41":0,"42":0,"43":0,"44":0,"45":0,"46":0,"47":0,"48":0,"49":0,"50":0,"51":0,"52":0,"53":0,"54":0,"55":0,"56":0,"57":0,"58":0,"59":0,"60":0,"61":0,"62":0,"63":0,"64":0,"65":0,"66":0,"67":0,"68":0,"69":0,"70":0,"71":0},"f":{"0":21,"1":0,"2":0,"3":0,"4":0,"5":0,"6":0,"7":0,"8":0,"9":0,"10":0,"11":0,"12":0,"13":0},"b":{"0":[0,0],"1":[0,0],"2":[0,0],"3":[0,0],"4":[0,0],"5":[0,0],"6":[0,0],"7":[0,0],"8":[0,0],"9":[0,0],"10":[0,0,0,0],"11":[0,0],"12":[0,0],"13":[0,0]},"_coverageSchema":"1a1c01bbd47fc00a2c39e90264f33305004495a9","hash":"54eea718cd9a798f59c9ddbecb02a0626c19ec2f"}
,"/Users/isaiahdupree/Documents/Software/EverReachOrganized/ios-app/components/paywall/RevenueCatPaywallUI.tsx": {"path":"/Users/isaiahdupree/Documents/Software/EverReachOrganized/ios-app/components/paywall/RevenueCatPaywallUI.tsx","statementMap":{"0":{"start":{"line":41,"column":2},"end":{"line":52,"column":3}},"1":{"start":{"line":42,"column":4},"end":{"line":51,"column":6}},"2":{"start":{"line":54,"column":36},"end":{"line":54,"column":55}},"3":{"start":{"line":55,"column":28},"end":{"line":55,"column":55}},"4":{"start":{"line":56,"column":36},"end":{"line":56,"column":50}},"5":{"start":{"line":57,"column":28},"end":{"line":57,"column":57}},"6":{"start":{"line":60,"column":2},"end":{"line":73,"column":9}},"7":{"start":{"line":63,"column":4},"end":{"line":72,"column":9}},"8":{"start":{"line":65,"column":8},"end":{"line":65,"column":47}},"9":{"start":{"line":66,"column":8},"end":{"line":66,"column":61}},"10":{"start":{"line":69,"column":8},"end":{"line":69,"column":74}},"11":{"start":{"line":70,"column":8},"end":{"line":70,"column":50}},"12":{"start":{"line":71,"column":8},"end":{"line":71,"column":28}},"13":{"start":{"line":76,"column":2},"end":{"line":153,"column":43}},"14":{"start":{"line":77,"column":4},"end":{"line":77,"column":27}},"15":{"start":{"line":77,"column":20},"end":{"line":77,"column":27}},"16":{"start":{"line":79,"column":27},"end":{"line":150,"column":5}},"17":{"start":{"line":80,"column":6},"end":{"line":149,"column":7}},"18":{"start":{"line":81,"column":8},"end":{"line":81,"column":94}},"19":{"start":{"line":83,"column":26},"end":{"line":83,"column":56}},"20":{"start":{"line":86,"column":31},"end":{"line":86,"column":90}},"21":{"start":{"line":88,"column":8},"end":{"line":90,"column":9}},"22":{"start":{"line":89,"column":10},"end":{"line":89,"column":82}},"23":{"start":{"line":92,"column":8},"end":{"line":92,"column":88}},"24":{"start":{"line":95,"column":43},"end":{"line":104,"column":11}},"25":{"start":{"line":95,"column":95},"end":{"line":104,"column":9}},"26":{"start":{"line":106,"column":8},"end":{"line":106,"column":30}},"27":{"start":{"line":107,"column":8},"end":{"line":107,"column":28}},"28":{"start":{"line":109,"column":8},"end":{"line":113,"column":11}},"29":{"start":{"line":116,"column":37},"end":{"line":118,"column":85}},"30":{"start":{"line":120,"column":25},"end":{"line":120,"column":67}},"31":{"start":{"line":123,"column":8},"end":{"line":123,"column":64}},"32":{"start":{"line":125,"column":8},"end":{"line":133,"column":10}},"33":{"start":{"line":135,"column":8},"end":{"line":139,"column":9}},"34":{"start":{"line":136,"column":10},"end":{"line":136,"column":125}},"35":{"start":{"line":138,"column":10},"end":{"line":138,"column":29}},"36":{"start":{"line":141,"column":8},"end":{"line":141,"column":28}},"37":{"start":{"line":143,"column":8},"end":{"line":148,"column":11}},"38":{"start":{"line":152,"column":4},"end":{"line":152,"column":21}},"39":{"start":{"line":156,"column":27},"end":{"line":205,"column":3}},"40":{"start":{"line":157,"column":4},"end":{"line":160,"column":5}},"41":{"start":{"line":158,"column":6},"end":{"line":158,"column":70}},"42":{"start":{"line":159,"column":6},"end":{"line":159,"column":13}},"43":{"start":{"line":163,"column":17},"end":{"line":163,"column":49}},"44":{"start":{"line":163,"column":33},"end":{"line":163,"column":48}},"45":{"start":{"line":164,"column":4},"end":{"line":167,"column":5}},"46":{"start":{"line":165,"column":6},"end":{"line":165,"column":69}},"47":{"start":{"line":166,"column":6},"end":{"line":166,"column":13}},"48":{"start":{"line":169,"column":4},"end":{"line":204,"column":5}},"49":{"start":{"line":170,"column":6},"end":{"line":170,"column":71}},"50":{"start":{"line":172,"column":6},"end":{"line":175,"column":9}},"51":{"start":{"line":177,"column":31},"end":{"line":177,"column":88}},"52":{"start":{"line":179,"column":6},"end":{"line":179,"column":63}},"53":{"start":{"line":181,"column":6},"end":{"line":185,"column":9}},"54":{"start":{"line":187,"column":6},"end":{"line":187,"column":29}},"55":{"start":{"line":188,"column":6},"end":{"line":188,"column":29}},"56":{"start":{"line":190,"column":6},"end":{"line":203,"column":7}},"57":{"start":{"line":191,"column":8},"end":{"line":191,"column":69}},"58":{"start":{"line":193,"column":8},"end":{"line":197,"column":11}},"59":{"start":{"line":199,"column":8},"end":{"line":199,"column":72}},"60":{"start":{"line":200,"column":8},"end":{"line":202,"column":11}},"61":{"start":{"line":208,"column":24},"end":{"line":237,"column":3}},"62":{"start":{"line":209,"column":4},"end":{"line":209,"column":27}},"63":{"start":{"line":209,"column":20},"end":{"line":209,"column":27}},"64":{"start":{"line":211,"column":4},"end":{"line":236,"column":5}},"65":{"start":{"line":212,"column":6},"end":{"line":212,"column":63}},"66":{"start":{"line":214,"column":6},"end":{"line":216,"column":9}},"67":{"start":{"line":218,"column":27},"end":{"line":218,"column":61}},"68":{"start":{"line":220,"column":6},"end":{"line":220,"column":62}},"69":{"start":{"line":222,"column":6},"end":{"line":225,"column":9}},"70":{"start":{"line":227,"column":6},"end":{"line":227,"column":28}},"71":{"start":{"line":228,"column":6},"end":{"line":228,"column":20}},"72":{"start":{"line":230,"column":6},"end":{"line":230,"column":66}},"73":{"start":{"line":232,"column":6},"end":{"line":235,"column":9}},"74":{"start":{"line":240,"column":2},"end":{"line":249,"column":3}},"75":{"start":{"line":241,"column":4},"end":{"line":248,"column":6}},"76":{"start":{"line":252,"column":2},"end":{"line":311,"column":3}},"77":{"start":{"line":253,"column":33},"end":{"line":253,"column":99}},"78":{"start":{"line":255,"column":4},"end":{"line":310,"column":6}},"79":{"start":{"line":301,"column":12},"end":{"line":305,"column":14}},"80":{"start":{"line":314,"column":2},"end":{"line":324,"column":4}},"81":{"start":{"line":330,"column":2},"end":{"line":332,"column":3}},"82":{"start":{"line":331,"column":4},"end":{"line":331,"column":18}},"83":{"start":{"line":333,"column":2},"end":{"line":335,"column":3}},"84":{"start":{"line":334,"column":4},"end":{"line":334,"column":22}},"85":{"start":{"line":337,"column":2},"end":{"line":337,"column":17}}},"fnMap":{"0":{"name":"RevenueCatPaywallUI","decl":{"start":{"line":29,"column":24},"end":{"line":29,"column":43}},"loc":{"start":{"line":39,"column":29},"end":{"line":325,"column":1}},"line":39},"1":{"name":"(anonymous_1)","decl":{"start":{"line":60,"column":12},"end":{"line":60,"column":13}},"loc":{"start":{"line":60,"column":18},"end":{"line":73,"column":3}},"line":60},"2":{"name":"(anonymous_2)","decl":{"start":{"line":64,"column":12},"end":{"line":64,"column":13}},"loc":{"start":{"line":64,"column":22},"end":{"line":67,"column":7}},"line":64},"3":{"name":"(anonymous_3)","decl":{"start":{"line":68,"column":13},"end":{"line":68,"column":14}},"loc":{"start":{"line":68,"column":22},"end":{"line":72,"column":7}},"line":68},"4":{"name":"(anonymous_4)","decl":{"start":{"line":76,"column":12},"end":{"line":76,"column":13}},"loc":{"start":{"line":76,"column":18},"end":{"line":153,"column":3}},"line":76},"5":{"name":"(anonymous_5)","decl":{"start":{"line":79,"column":27},"end":{"line":79,"column":28}},"loc":{"start":{"line":79,"column":39},"end":{"line":150,"column":5}},"line":79},"6":{"name":"(anonymous_6)","decl":{"start":{"line":95,"column":80},"end":{"line":95,"column":81}},"loc":{"start":{"line":95,"column":95},"end":{"line":104,"column":9}},"line":95},"7":{"name":"(anonymous_7)","decl":{"start":{"line":156,"column":27},"end":{"line":156,"column":28}},"loc":{"start":{"line":156,"column":53},"end":{"line":205,"column":3}},"line":156},"8":{"name":"(anonymous_8)","decl":{"start":{"line":163,"column":28},"end":{"line":163,"column":29}},"loc":{"start":{"line":163,"column":33},"end":{"line":163,"column":48}},"line":163},"9":{"name":"(anonymous_9)","decl":{"start":{"line":208,"column":24},"end":{"line":208,"column":25}},"loc":{"start":{"line":208,"column":36},"end":{"line":237,"column":3}},"line":208},"10":{"name":"(anonymous_10)","decl":{"start":{"line":300,"column":19},"end":{"line":300,"column":20}},"loc":{"start":{"line":300,"column":25},"end":{"line":306,"column":11}},"line":300},"11":{"name":"getIntervalFromPackageType","decl":{"start":{"line":328,"column":9},"end":{"line":328,"column":35}},"loc":{"start":{"line":328,"column":88},"end":{"line":338,"column":1}},"line":328}},"branchMap":{"0":{"loc":{"start":{"line":41,"column":2},"end":{"line":52,"column":3}},"type":"if","locations":[{"start":{"line":41,"column":2},"end":{"line":52,"column":3}},{"start":{},"end":{}}],"line":41},"1":{"loc":{"start":{"line":65,"column":21},"end":{"line":65,"column":45}},"type":"binary-expr","locations":[{"start":{"line":65,"column":21},"end":{"line":65,"column":35}},{"start":{"line":65,"column":39},"end":{"line":65,"column":45}}],"line":65},"2":{"loc":{"start":{"line":77,"column":4},"end":{"line":77,"column":27}},"type":"if","locations":[{"start":{"line":77,"column":4},"end":{"line":77,"column":27}},{"start":{},"end":{}}],"line":77},"3":{"loc":{"start":{"line":86,"column":31},"end":{"line":86,"column":90}},"type":"binary-expr","locations":[{"start":{"line":86,"column":31},"end":{"line":86,"column":69}},{"start":{"line":86,"column":73},"end":{"line":86,"column":90}}],"line":86},"4":{"loc":{"start":{"line":88,"column":8},"end":{"line":90,"column":9}},"type":"if","locations":[{"start":{"line":88,"column":8},"end":{"line":90,"column":9}},{"start":{},"end":{}}],"line":88},"5":{"loc":{"start":{"line":100,"column":20},"end":{"line":100,"column":76}},"type":"cond-expr","locations":[{"start":{"line":100,"column":46},"end":{"line":100,"column":71}},{"start":{"line":100,"column":74},"end":{"line":100,"column":76}}],"line":100},"6":{"loc":{"start":{"line":116,"column":37},"end":{"line":118,"column":85}},"type":"binary-expr","locations":[{"start":{"line":116,"column":37},"end":{"line":116,"column":82}},{"start":{"line":117,"column":37},"end":{"line":117,"column":80}},{"start":{"line":118,"column":37},"end":{"line":118,"column":85}}],"line":116},"7":{"loc":{"start":{"line":120,"column":25},"end":{"line":120,"column":67}},"type":"binary-expr","locations":[{"start":{"line":120,"column":25},"end":{"line":120,"column":37}},{"start":{"line":120,"column":41},"end":{"line":120,"column":67}}],"line":120},"8":{"loc":{"start":{"line":127,"column":10},"end":{"line":129,"column":100}},"type":"cond-expr","locations":[{"start":{"line":128,"column":14},"end":{"line":128,"column":169}},{"start":{"line":129,"column":14},"end":{"line":129,"column":100}}],"line":127},"9":{"loc":{"start":{"line":135,"column":8},"end":{"line":139,"column":9}},"type":"if","locations":[{"start":{"line":135,"column":8},"end":{"line":139,"column":9}},{"start":{"line":137,"column":15},"end":{"line":139,"column":9}}],"line":135},"10":{"loc":{"start":{"line":157,"column":4},"end":{"line":160,"column":5}},"type":"if","locations":[{"start":{"line":157,"column":4},"end":{"line":160,"column":5}},{"start":{},"end":{}}],"line":157},"11":{"loc":{"start":{"line":164,"column":4},"end":{"line":167,"column":5}},"type":"if","locations":[{"start":{"line":164,"column":4},"end":{"line":167,"column":5}},{"start":{},"end":{}}],"line":164},"12":{"loc":{"start":{"line":164,"column":8},"end":{"line":164,"column":42}},"type":"binary-expr","locations":[{"start":{"line":164,"column":8},"end":{"line":164,"column":13}},{"start":{"line":164,"column":17},"end":{"line":164,"column":42}}],"line":164},"13":{"loc":{"start":{"line":190,"column":6},"end":{"line":203,"column":7}},"type":"if","locations":[{"start":{"line":190,"column":6},"end":{"line":203,"column":7}},{"start":{"line":198,"column":13},"end":{"line":203,"column":7}}],"line":190},"14":{"loc":{"start":{"line":209,"column":4},"end":{"line":209,"column":27}},"type":"if","locations":[{"start":{"line":209,"column":4},"end":{"line":209,"column":27}},{"start":{},"end":{}}],"line":209},"15":{"loc":{"start":{"line":240,"column":2},"end":{"line":249,"column":3}},"type":"if","locations":[{"start":{"line":240,"column":2},"end":{"line":249,"column":3}},{"start":{},"end":{}}],"line":240},"16":{"loc":{"start":{"line":252,"column":2},"end":{"line":311,"column":3}},"type":"if","locations":[{"start":{"line":252,"column":2},"end":{"line":311,"column":3}},{"start":{},"end":{}}],"line":252},"17":{"loc":{"start":{"line":253,"column":33},"end":{"line":253,"column":99}},"type":"binary-expr","locations":[{"start":{"line":253,"column":33},"end":{"line":253,"column":69}},{"start":{"line":253,"column":73},"end":{"line":253,"column":99}}],"line":253},"18":{"loc":{"start":{"line":261,"column":11},"end":{"line":261,"column":81}},"type":"cond-expr","locations":[{"start":{"line":261,"column":34},"end":{"line":261,"column":56}},{"start":{"line":261,"column":59},"end":{"line":261,"column":81}}],"line":261},"19":{"loc":{"start":{"line":271,"column":16},"end":{"line":271,"column":81}},"type":"cond-expr","locations":[{"start":{"line":271,"column":39},"end":{"line":271,"column":56}},{"start":{"line":271,"column":59},"end":{"line":271,"column":81}}],"line":271},"20":{"loc":{"start":{"line":274,"column":13},"end":{"line":276,"column":51}},"type":"cond-expr","locations":[{"start":{"line":275,"column":16},"end":{"line":275,"column":68}},{"start":{"line":276,"column":16},"end":{"line":276,"column":51}}],"line":274},"21":{"loc":{"start":{"line":284,"column":9},"end":{"line":296,"column":9}},"type":"binary-expr","locations":[{"start":{"line":284,"column":9},"end":{"line":284,"column":29}},{"start":{"line":285,"column":10},"end":{"line":295,"column":17}}],"line":284},"22":{"loc":{"start":{"line":330,"column":2},"end":{"line":332,"column":3}},"type":"if","locations":[{"start":{"line":330,"column":2},"end":{"line":332,"column":3}},{"start":{},"end":{}}],"line":330},"23":{"loc":{"start":{"line":330,"column":6},"end":{"line":330,"column":68}},"type":"binary-expr","locations":[{"start":{"line":330,"column":6},"end":{"line":330,"column":36}},{"start":{"line":330,"column":40},"end":{"line":330,"column":68}}],"line":330},"24":{"loc":{"start":{"line":333,"column":2},"end":{"line":335,"column":3}},"type":"if","locations":[{"start":{"line":333,"column":2},"end":{"line":335,"column":3}},{"start":{},"end":{}}],"line":333}},"s":{"0":0,"1":0,"2":0,"3":0,"4":0,"5":0,"6":0,"7":0,"8":0,"9":0,"10":0,"11":0,"12":0,"13":0,"14":0,"15":0,"16":0,"17":0,"18":0,"19":0,"20":0,"21":0,"22":0,"23":0,"24":0,"25":0,"26":0,"27":0,"28":0,"29":0,"30":0,"31":0,"32":0,"33":0,"34":0,"35":0,"36":0,"37":0,"38":0,"39":0,"40":0,"41":0,"42":0,"43":0,"44":0,"45":0,"46":0,"47":0,"48":0,"49":0,"50":0,"51":0,"52":0,"53":0,"54":0,"55":0,"56":0,"57":0,"58":0,"59":0,"60":0,"61":0,"62":0,"63":0,"64":0,"65":0,"66":0,"67":0,"68":0,"69":0,"70":0,"71":0,"72":0,"73":0,"74":0,"75":0,"76":0,"77":0,"78":0,"79":0,"80":0,"81":0,"82":0,"83":0,"84":0,"85":0},"f":{"0":0,"1":0,"2":0,"3":0,"4":0,"5":0,"6":0,"7":0,"8":0,"9":0,"10":0,"11":0},"b":{"0":[0,0],"1":[0,0],"2":[0,0],"3":[0,0],"4":[0,0],"5":[0,0],"6":[0,0,0],"7":[0,0],"8":[0,0],"9":[0,0],"10":[0,0],"11":[0,0],"12":[0,0],"13":[0,0],"14":[0,0],"15":[0,0],"16":[0,0],"17":[0,0],"18":[0,0],"19":[0,0],"20":[0,0],"21":[0,0],"22":[0,0],"23":[0,0],"24":[0,0]},"_coverageSchema":"1a1c01bbd47fc00a2c39e90264f33305004495a9","hash":"7a96048c5e362eb0f30c197247786ca8efd0aee3"}
,"/Users/isaiahdupree/Documents/Software/EverReachOrganized/ios-app/components/paywall/SuperwallPaywallUI.tsx": {"path":"/Users/isaiahdupree/Documents/Software/EverReachOrganized/ios-app/components/paywall/SuperwallPaywallUI.tsx","statementMap":{"0":{"start":{"line":23,"column":36},"end":{"line":23,"column":50}},"1":{"start":{"line":24,"column":28},"end":{"line":24,"column":57}},"2":{"start":{"line":26,"column":2},"end":{"line":89,"column":63}},"3":{"start":{"line":27,"column":4},"end":{"line":30,"column":5}},"4":{"start":{"line":28,"column":6},"end":{"line":28,"column":26}},"5":{"start":{"line":29,"column":6},"end":{"line":29,"column":13}},"6":{"start":{"line":32,"column":26},"end":{"line":86,"column":5}},"7":{"start":{"line":33,"column":6},"end":{"line":85,"column":7}},"8":{"start":{"line":36,"column":8},"end":{"line":43,"column":9}},"9":{"start":{"line":38,"column":25},"end":{"line":38,"column":74}},"10":{"start":{"line":39,"column":10},"end":{"line":39,"column":37}},"11":{"start":{"line":42,"column":10},"end":{"line":42,"column":87}},"12":{"start":{"line":45,"column":8},"end":{"line":47,"column":9}},"13":{"start":{"line":46,"column":10},"end":{"line":46,"column":64}},"14":{"start":{"line":50,"column":8},"end":{"line":53,"column":11}},"15":{"start":{"line":56,"column":8},"end":{"line":74,"column":9}},"16":{"start":{"line":57,"column":10},"end":{"line":64,"column":12}},"17":{"start":{"line":58,"column":12},"end":{"line":60,"column":13}},"18":{"start":{"line":59,"column":14},"end":{"line":59,"column":35}},"19":{"start":{"line":61,"column":12},"end":{"line":63,"column":15}},"20":{"start":{"line":66,"column":10},"end":{"line":73,"column":12}},"21":{"start":{"line":67,"column":12},"end":{"line":69,"column":13}},"22":{"start":{"line":68,"column":14},"end":{"line":68,"column":26}},"23":{"start":{"line":70,"column":12},"end":{"line":72,"column":15}},"24":{"start":{"line":77,"column":8},"end":{"line":77,"column":65}},"25":{"start":{"line":78,"column":8},"end":{"line":78,"column":28}},"26":{"start":{"line":80,"column":8},"end":{"line":80,"column":56}},"27":{"start":{"line":81,"column":8},"end":{"line":83,"column":10}},"28":{"start":{"line":84,"column":8},"end":{"line":84,"column":28}},"29":{"start":{"line":88,"column":4},"end":{"line":88,"column":20}},"30":{"start":{"line":91,"column":2},"end":{"line":97,"column":3}},"31":{"start":{"line":92,"column":4},"end":{"line":96,"column":6}},"32":{"start":{"line":99,"column":2},"end":{"line":106,"column":3}},"33":{"start":{"line":100,"column":4},"end":{"line":105,"column":6}},"34":{"start":{"line":108,"column":2},"end":{"line":120,"column":3}},"35":{"start":{"line":109,"column":4},"end":{"line":119,"column":6}},"36":{"start":{"line":123,"column":2},"end":{"line":123,"column":38}}},"fnMap":{"0":{"name":"SuperwallPaywallUI","decl":{"start":{"line":18,"column":24},"end":{"line":18,"column":42}},"loc":{"start":{"line":22,"column":28},"end":{"line":124,"column":1}},"line":22},"1":{"name":"(anonymous_1)","decl":{"start":{"line":26,"column":12},"end":{"line":26,"column":13}},"loc":{"start":{"line":26,"column":18},"end":{"line":89,"column":3}},"line":26},"2":{"name":"(anonymous_2)","decl":{"start":{"line":32,"column":26},"end":{"line":32,"column":27}},"loc":{"start":{"line":32,"column":38},"end":{"line":86,"column":5}},"line":32},"3":{"name":"(anonymous_3)","decl":{"start":{"line":57,"column":50},"end":{"line":57,"column":51}},"loc":{"start":{"line":57,"column":56},"end":{"line":64,"column":11}},"line":57},"4":{"name":"(anonymous_4)","decl":{"start":{"line":66,"column":57},"end":{"line":66,"column":58}},"loc":{"start":{"line":66,"column":63},"end":{"line":73,"column":11}},"line":66}},"branchMap":{"0":{"loc":{"start":{"line":27,"column":4},"end":{"line":30,"column":5}},"type":"if","locations":[{"start":{"line":27,"column":4},"end":{"line":30,"column":5}},{"start":{},"end":{}}],"line":27},"1":{"loc":{"start":{"line":45,"column":8},"end":{"line":47,"column":9}},"type":"if","locations":[{"start":{"line":45,"column":8},"end":{"line":47,"column":9}},{"start":{},"end":{}}],"line":45},"2":{"loc":{"start":{"line":45,"column":12},"end":{"line":45,"column":43}},"type":"binary-expr","locations":[{"start":{"line":45,"column":12},"end":{"line":45,"column":22}},{"start":{"line":45,"column":26},"end":{"line":45,"column":43}}],"line":45},"3":{"loc":{"start":{"line":56,"column":8},"end":{"line":74,"column":9}},"type":"if","locations":[{"start":{"line":56,"column":8},"end":{"line":74,"column":9}},{"start":{},"end":{}}],"line":56},"4":{"loc":{"start":{"line":58,"column":12},"end":{"line":60,"column":13}},"type":"if","locations":[{"start":{"line":58,"column":12},"end":{"line":60,"column":13}},{"start":{},"end":{}}],"line":58},"5":{"loc":{"start":{"line":67,"column":12},"end":{"line":69,"column":13}},"type":"if","locations":[{"start":{"line":67,"column":12},"end":{"line":69,"column":13}},{"start":{},"end":{}}],"line":67},"6":{"loc":{"start":{"line":82,"column":10},"end":{"line":82,"column":81}},"type":"cond-expr","locations":[{"start":{"line":82,"column":33},"end":{"line":82,"column":44}},{"start":{"line":82,"column":47},"end":{"line":82,"column":81}}],"line":82},"7":{"loc":{"start":{"line":91,"column":2},"end":{"line":97,"column":3}},"type":"if","locations":[{"start":{"line":91,"column":2},"end":{"line":97,"column":3}},{"start":{},"end":{}}],"line":91},"8":{"loc":{"start":{"line":99,"column":2},"end":{"line":106,"column":3}},"type":"if","locations":[{"start":{"line":99,"column":2},"end":{"line":106,"column":3}},{"start":{},"end":{}}],"line":99},"9":{"loc":{"start":{"line":108,"column":2},"end":{"line":120,"column":3}},"type":"if","locations":[{"start":{"line":108,"column":2},"end":{"line":120,"column":3}},{"start":{},"end":{}}],"line":108}},"s":{"0":0,"1":0,"2":0,"3":0,"4":0,"5":0,"6":0,"7":0,"8":0,"9":0,"10":0,"11":0,"12":0,"13":0,"14":0,"15":0,"16":0,"17":0,"18":0,"19":0,"20":0,"21":0,"22":0,"23":0,"24":0,"25":0,"26":0,"27":0,"28":0,"29":0,"30":0,"31":0,"32":0,"33":0,"34":0,"35":0,"36":0},"f":{"0":0,"1":0,"2":0,"3":0,"4":0},"b":{"0":[0,0],"1":[0,0],"2":[0,0],"3":[0,0],"4":[0,0],"5":[0,0],"6":[0,0],"7":[0,0],"8":[0,0],"9":[0,0]},"_coverageSchema":"1a1c01bbd47fc00a2c39e90264f33305004495a9","hash":"73c048c2177c31d15c76544ac60297ea5380fa2e"}
,"/Users/isaiahdupree/Documents/Software/EverReachOrganized/ios-app/constants/flags.ts": {"path":"/Users/isaiahdupree/Documents/Software/EverReachOrganized/ios-app/constants/flags.ts","statementMap":{"0":{"start":{"line":3,"column":21},"end":{"line":3,"column":55}},"1":{"start":{"line":4,"column":23},"end":{"line":4,"column":94}},"2":{"start":{"line":6,"column":21},"end":{"line":8,"column":1}},"3":{"start":{"line":10,"column":29},"end":{"line":10,"column":46}},"4":{"start":{"line":12,"column":0},"end":{"line":15,"column":3}}},"fnMap":{},"branchMap":{"0":{"loc":{"start":{"line":7,"column":15},"end":{"line":7,"column":56}},"type":"binary-expr","locations":[{"start":{"line":7,"column":15},"end":{"line":7,"column":27}},{"start":{"line":7,"column":31},"end":{"line":7,"column":45}},{"start":{"line":7,"column":49},"end":{"line":7,"column":56}}],"line":7}},"s":{"0":6,"1":6,"2":6,"3":6,"4":6},"f":{},"b":{"0":[6,0,0]},"_coverageSchema":"1a1c01bbd47fc00a2c39e90264f33305004495a9","hash":"42915884c7e7b78af8da70613bdb8bf76315a6fb"}
,"/Users/isaiahdupree/Documents/Software/EverReachOrganized/ios-app/hooks/useLivePaywall.ts": {"path":"/Users/isaiahdupree/Documents/Software/EverReachOrganized/ios-app/hooks/useLivePaywall.ts","statementMap":{"0":{"start":{"line":22,"column":21},"end":{"line":22,"column":34}},"1":{"start":{"line":25,"column":2},"end":{"line":25,"column":42}},"2":{"start":{"line":25,"column":29},"end":{"line":25,"column":42}},"3":{"start":{"line":26,"column":2},"end":{"line":26,"column":50}},"4":{"start":{"line":26,"column":33},"end":{"line":26,"column":50}},"5":{"start":{"line":27,"column":2},"end":{"line":27,"column":15}},"6":{"start":{"line":31,"column":19},"end":{"line":31,"column":32}},"7":{"start":{"line":32,"column":30},"end":{"line":32,"column":70}},"8":{"start":{"line":33,"column":32},"end":{"line":33,"column":55}},"9":{"start":{"line":34,"column":28},"end":{"line":34,"column":57}},"10":{"start":{"line":35,"column":25},"end":{"line":35,"column":42}},"11":{"start":{"line":37,"column":21},"end":{"line":37,"column":54}},"12":{"start":{"line":39,"column":24},"end":{"line":52,"column":3}},"13":{"start":{"line":40,"column":4},"end":{"line":51,"column":5}},"14":{"start":{"line":41,"column":18},"end":{"line":41,"column":56}},"15":{"start":{"line":42,"column":6},"end":{"line":42,"column":28}},"16":{"start":{"line":42,"column":16},"end":{"line":42,"column":28}},"17":{"start":{"line":43,"column":53},"end":{"line":43,"column":68}},"18":{"start":{"line":45,"column":6},"end":{"line":47,"column":7}},"19":{"start":{"line":46,"column":8},"end":{"line":46,"column":28}},"20":{"start":{"line":48,"column":6},"end":{"line":48,"column":26}},"21":{"start":{"line":50,"column":6},"end":{"line":50,"column":18}},"22":{"start":{"line":54,"column":22},"end":{"line":59,"column":3}},"23":{"start":{"line":55,"column":4},"end":{"line":58,"column":14}},"24":{"start":{"line":56,"column":54},"end":{"line":56,"column":79}},"25":{"start":{"line":57,"column":6},"end":{"line":57,"column":70}},"26":{"start":{"line":61,"column":22},"end":{"line":131,"column":3}},"27":{"start":{"line":62,"column":4},"end":{"line":62,"column":39}},"28":{"start":{"line":62,"column":22},"end":{"line":62,"column":39}},"29":{"start":{"line":63,"column":4},"end":{"line":63,"column":19}},"30":{"start":{"line":64,"column":4},"end":{"line":130,"column":5}},"31":{"start":{"line":67,"column":18},"end":{"line":70,"column":8}},"32":{"start":{"line":71,"column":6},"end":{"line":91,"column":7}},"33":{"start":{"line":73,"column":44},"end":{"line":79,"column":9}},"34":{"start":{"line":80,"column":8},"end":{"line":80,"column":28}},"35":{"start":{"line":81,"column":8},"end":{"line":81,"column":36}},"36":{"start":{"line":82,"column":8},"end":{"line":82,"column":44}},"37":{"start":{"line":84,"column":8},"end":{"line":89,"column":11}},"38":{"start":{"line":90,"column":8},"end":{"line":90,"column":15}},"39":{"start":{"line":92,"column":6},"end":{"line":94,"column":7}},"40":{"start":{"line":93,"column":8},"end":{"line":93,"column":46}},"41":{"start":{"line":95,"column":19},"end":{"line":95,"column":58}},"42":{"start":{"line":96,"column":6},"end":{"line":96,"column":22}},"43":{"start":{"line":97,"column":6},"end":{"line":97,"column":30}},"44":{"start":{"line":98,"column":6},"end":{"line":98,"column":42}},"45":{"start":{"line":100,"column":6},"end":{"line":105,"column":9}},"46":{"start":{"line":108,"column":6},"end":{"line":121,"column":7}},"47":{"start":{"line":109,"column":23},"end":{"line":109,"column":44}},"48":{"start":{"line":110,"column":8},"end":{"line":120,"column":9}},"49":{"start":{"line":111,"column":10},"end":{"line":111,"column":28}},"50":{"start":{"line":113,"column":10},"end":{"line":119,"column":13}},"51":{"start":{"line":122,"column":6},"end":{"line":122,"column":44}},"52":{"start":{"line":124,"column":6},"end":{"line":127,"column":9}},"53":{"start":{"line":129,"column":6},"end":{"line":129,"column":42}},"54":{"start":{"line":129,"column":24},"end":{"line":129,"column":42}},"55":{"start":{"line":133,"column":2},"end":{"line":147,"column":17}},"56":{"start":{"line":134,"column":18},"end":{"line":134,"column":22}},"57":{"start":{"line":135,"column":4},"end":{"line":142,"column":9}},"58":{"start":{"line":136,"column":21},"end":{"line":136,"column":42}},"59":{"start":{"line":137,"column":6},"end":{"line":140,"column":7}},"60":{"start":{"line":138,"column":8},"end":{"line":138,"column":26}},"61":{"start":{"line":139,"column":8},"end":{"line":139,"column":26}},"62":{"start":{"line":141,"column":6},"end":{"line":141,"column":46}},"63":{"start":{"line":143,"column":4},"end":{"line":145,"column":6}},"64":{"start":{"line":144,"column":6},"end":{"line":144,"column":22}},"65":{"start":{"line":149,"column":2},"end":{"line":159,"column":9}},"66":{"start":{"line":150,"column":16},"end":{"line":157,"column":6}},"67":{"start":{"line":151,"column":6},"end":{"line":156,"column":7}},"68":{"start":{"line":152,"column":20},"end":{"line":152,"column":55}},"69":{"start":{"line":153,"column":8},"end":{"line":155,"column":9}},"70":{"start":{"line":154,"column":10},"end":{"line":154,"column":40}},"71":{"start":{"line":158,"column":4},"end":{"line":158,"column":30}},"72":{"start":{"line":158,"column":17},"end":{"line":158,"column":29}},"73":{"start":{"line":162,"column":2},"end":{"line":171,"column":9}},"74":{"start":{"line":163,"column":4},"end":{"line":163,"column":38}},"75":{"start":{"line":163,"column":31},"end":{"line":163,"column":38}},"76":{"start":{"line":164,"column":4},"end":{"line":170,"column":14}},"77":{"start":{"line":165,"column":17},"end":{"line":165,"column":60}},"78":{"start":{"line":166,"column":23},"end":{"line":166,"column":48}},"79":{"start":{"line":167,"column":6},"end":{"line":169,"column":7}},"80":{"start":{"line":168,"column":8},"end":{"line":168,"column":87}},"81":{"start":{"line":168,"column":28},"end":{"line":168,"column":85}},"82":{"start":{"line":174,"column":2},"end":{"line":184,"column":9}},"83":{"start":{"line":175,"column":4},"end":{"line":175,"column":38}},"84":{"start":{"line":175,"column":31},"end":{"line":175,"column":38}},"85":{"start":{"line":176,"column":4},"end":{"line":183,"column":9}},"86":{"start":{"line":177,"column":6},"end":{"line":182,"column":16}},"87":{"start":{"line":178,"column":25},"end":{"line":178,"column":74}},"88":{"start":{"line":179,"column":8},"end":{"line":181,"column":9}},"89":{"start":{"line":180,"column":10},"end":{"line":180,"column":89}},"90":{"start":{"line":180,"column":30},"end":{"line":180,"column":87}},"91":{"start":{"line":186,"column":2},"end":{"line":186,"column":83}},"92":{"start":{"line":186,"column":50},"end":{"line":186,"column":80}}},"fnMap":{"0":{"name":"platformKey","decl":{"start":{"line":24,"column":9},"end":{"line":24,"column":20}},"loc":{"start":{"line":24,"column":54},"end":{"line":28,"column":1}},"line":24},"1":{"name":"useLivePaywall","decl":{"start":{"line":30,"column":16},"end":{"line":30,"column":30}},"loc":{"start":{"line":30,"column":33},"end":{"line":187,"column":1}},"line":30},"2":{"name":"(anonymous_2)","decl":{"start":{"line":39,"column":24},"end":{"line":39,"column":25}},"loc":{"start":{"line":39,"column":71},"end":{"line":52,"column":3}},"line":39},"3":{"name":"(anonymous_3)","decl":{"start":{"line":54,"column":22},"end":{"line":54,"column":23}},"loc":{"start":{"line":54,"column":58},"end":{"line":59,"column":3}},"line":54},"4":{"name":"(anonymous_4)","decl":{"start":{"line":61,"column":22},"end":{"line":61,"column":23}},"loc":{"start":{"line":61,"column":65},"end":{"line":131,"column":3}},"line":61},"5":{"name":"(anonymous_5)","decl":{"start":{"line":133,"column":12},"end":{"line":133,"column":13}},"loc":{"start":{"line":133,"column":18},"end":{"line":147,"column":3}},"line":133},"6":{"name":"(anonymous_6)","decl":{"start":{"line":135,"column":5},"end":{"line":135,"column":6}},"loc":{"start":{"line":135,"column":17},"end":{"line":142,"column":5}},"line":135},"7":{"name":"(anonymous_7)","decl":{"start":{"line":143,"column":11},"end":{"line":143,"column":12}},"loc":{"start":{"line":143,"column":17},"end":{"line":145,"column":5}},"line":143},"8":{"name":"(anonymous_8)","decl":{"start":{"line":149,"column":12},"end":{"line":149,"column":13}},"loc":{"start":{"line":149,"column":18},"end":{"line":159,"column":3}},"line":149},"9":{"name":"(anonymous_9)","decl":{"start":{"line":150,"column":52},"end":{"line":150,"column":53}},"loc":{"start":{"line":150,"column":79},"end":{"line":157,"column":5}},"line":150},"10":{"name":"(anonymous_10)","decl":{"start":{"line":158,"column":11},"end":{"line":158,"column":12}},"loc":{"start":{"line":158,"column":17},"end":{"line":158,"column":29}},"line":158},"11":{"name":"(anonymous_11)","decl":{"start":{"line":162,"column":12},"end":{"line":162,"column":13}},"loc":{"start":{"line":162,"column":18},"end":{"line":171,"column":3}},"line":162},"12":{"name":"(anonymous_12)","decl":{"start":{"line":168,"column":18},"end":{"line":168,"column":19}},"loc":{"start":{"line":168,"column":28},"end":{"line":168,"column":85}},"line":168},"13":{"name":"(anonymous_13)","decl":{"start":{"line":174,"column":12},"end":{"line":174,"column":13}},"loc":{"start":{"line":174,"column":18},"end":{"line":184,"column":3}},"line":174},"14":{"name":"(anonymous_14)","decl":{"start":{"line":176,"column":5},"end":{"line":176,"column":6}},"loc":{"start":{"line":176,"column":17},"end":{"line":183,"column":5}},"line":176},"15":{"name":"(anonymous_15)","decl":{"start":{"line":180,"column":20},"end":{"line":180,"column":21}},"loc":{"start":{"line":180,"column":30},"end":{"line":180,"column":87}},"line":180},"16":{"name":"(anonymous_16)","decl":{"start":{"line":186,"column":44},"end":{"line":186,"column":45}},"loc":{"start":{"line":186,"column":50},"end":{"line":186,"column":80}},"line":186}},"branchMap":{"0":{"loc":{"start":{"line":25,"column":2},"end":{"line":25,"column":42}},"type":"if","locations":[{"start":{"line":25,"column":2},"end":{"line":25,"column":42}},{"start":{},"end":{}}],"line":25},"1":{"loc":{"start":{"line":26,"column":2},"end":{"line":26,"column":50}},"type":"if","locations":[{"start":{"line":26,"column":2},"end":{"line":26,"column":50}},{"start":{},"end":{}}],"line":26},"2":{"loc":{"start":{"line":42,"column":6},"end":{"line":42,"column":28}},"type":"if","locations":[{"start":{"line":42,"column":6},"end":{"line":42,"column":28}},{"start":{},"end":{}}],"line":42},"3":{"loc":{"start":{"line":45,"column":6},"end":{"line":47,"column":7}},"type":"if","locations":[{"start":{"line":45,"column":6},"end":{"line":47,"column":7}},{"start":{},"end":{}}],"line":45},"4":{"loc":{"start":{"line":61,"column":29},"end":{"line":61,"column":60}},"type":"default-arg","locations":[{"start":{"line":61,"column":58},"end":{"line":61,"column":60}}],"line":61},"5":{"loc":{"start":{"line":62,"column":4},"end":{"line":62,"column":39}},"type":"if","locations":[{"start":{"line":62,"column":4},"end":{"line":62,"column":39}},{"start":{},"end":{}}],"line":62},"6":{"loc":{"start":{"line":71,"column":6},"end":{"line":91,"column":7}},"type":"if","locations":[{"start":{"line":71,"column":6},"end":{"line":91,"column":7}},{"start":{},"end":{}}],"line":71},"7":{"loc":{"start":{"line":92,"column":6},"end":{"line":94,"column":7}},"type":"if","locations":[{"start":{"line":92,"column":6},"end":{"line":94,"column":7}},{"start":{},"end":{}}],"line":92},"8":{"loc":{"start":{"line":108,"column":6},"end":{"line":121,"column":7}},"type":"if","locations":[{"start":{"line":108,"column":6},"end":{"line":121,"column":7}},{"start":{},"end":{}}],"line":108},"9":{"loc":{"start":{"line":110,"column":8},"end":{"line":120,"column":9}},"type":"if","locations":[{"start":{"line":110,"column":8},"end":{"line":120,"column":9}},{"start":{"line":112,"column":15},"end":{"line":120,"column":9}}],"line":110},"10":{"loc":{"start":{"line":122,"column":15},"end":{"line":122,"column":42}},"type":"binary-expr","locations":[{"start":{"line":122,"column":15},"end":{"line":122,"column":25}},{"start":{"line":122,"column":29},"end":{"line":122,"column":42}}],"line":122},"11":{"loc":{"start":{"line":126,"column":15},"end":{"line":126,"column":42}},"type":"binary-expr","locations":[{"start":{"line":126,"column":15},"end":{"line":126,"column":25}},{"start":{"line":126,"column":29},"end":{"line":126,"column":42}}],"line":126},"12":{"loc":{"start":{"line":129,"column":6},"end":{"line":129,"column":42}},"type":"if","locations":[{"start":{"line":129,"column":6},"end":{"line":129,"column":42}},{"start":{},"end":{}}],"line":129},"13":{"loc":{"start":{"line":137,"column":6},"end":{"line":140,"column":7}},"type":"if","locations":[{"start":{"line":137,"column":6},"end":{"line":140,"column":7}},{"start":{},"end":{}}],"line":137},"14":{"loc":{"start":{"line":137,"column":10},"end":{"line":137,"column":27}},"type":"binary-expr","locations":[{"start":{"line":137,"column":10},"end":{"line":137,"column":17}},{"start":{"line":137,"column":21},"end":{"line":137,"column":27}}],"line":137},"15":{"loc":{"start":{"line":151,"column":6},"end":{"line":156,"column":7}},"type":"if","locations":[{"start":{"line":151,"column":6},"end":{"line":156,"column":7}},{"start":{},"end":{}}],"line":151},"16":{"loc":{"start":{"line":153,"column":8},"end":{"line":155,"column":9}},"type":"if","locations":[{"start":{"line":153,"column":8},"end":{"line":155,"column":9}},{"start":{},"end":{}}],"line":153},"17":{"loc":{"start":{"line":163,"column":4},"end":{"line":163,"column":38}},"type":"if","locations":[{"start":{"line":163,"column":4},"end":{"line":163,"column":38}},{"start":{},"end":{}}],"line":163},"18":{"loc":{"start":{"line":167,"column":6},"end":{"line":169,"column":7}},"type":"if","locations":[{"start":{"line":167,"column":6},"end":{"line":169,"column":7}},{"start":{},"end":{}}],"line":167},"19":{"loc":{"start":{"line":167,"column":10},"end":{"line":167,"column":88}},"type":"binary-expr","locations":[{"start":{"line":167,"column":10},"end":{"line":167,"column":31}},{"start":{"line":167,"column":35},"end":{"line":167,"column":60}},{"start":{"line":167,"column":64},"end":{"line":167,"column":88}}],"line":167},"20":{"loc":{"start":{"line":168,"column":28},"end":{"line":168,"column":85}},"type":"cond-expr","locations":[{"start":{"line":168,"column":35},"end":{"line":168,"column":78}},{"start":{"line":168,"column":81},"end":{"line":168,"column":85}}],"line":168},"21":{"loc":{"start":{"line":175,"column":4},"end":{"line":175,"column":38}},"type":"if","locations":[{"start":{"line":175,"column":4},"end":{"line":175,"column":38}},{"start":{},"end":{}}],"line":175},"22":{"loc":{"start":{"line":179,"column":8},"end":{"line":181,"column":9}},"type":"if","locations":[{"start":{"line":179,"column":8},"end":{"line":181,"column":9}},{"start":{},"end":{}}],"line":179},"23":{"loc":{"start":{"line":179,"column":12},"end":{"line":179,"column":90}},"type":"binary-expr","locations":[{"start":{"line":179,"column":12},"end":{"line":179,"column":33}},{"start":{"line":179,"column":37},"end":{"line":179,"column":62}},{"start":{"line":179,"column":66},"end":{"line":179,"column":90}}],"line":179},"24":{"loc":{"start":{"line":180,"column":30},"end":{"line":180,"column":87}},"type":"cond-expr","locations":[{"start":{"line":180,"column":37},"end":{"line":180,"column":80}},{"start":{"line":180,"column":83},"end":{"line":180,"column":87}}],"line":180}},"s":{"0":2,"1":20,"2":0,"3":0,"4":0,"5":0,"6":20,"7":0,"8":0,"9":0,"10":0,"11":0,"12":0,"13":0,"14":0,"15":0,"16":0,"17":0,"18":0,"19":0,"20":0,"21":0,"22":0,"23":0,"24":0,"25":0,"26":0,"27":0,"28":0,"29":0,"30":0,"31":0,"32":0,"33":0,"34":0,"35":0,"36":0,"37":0,"38":0,"39":0,"40":0,"41":0,"42":0,"43":0,"44":0,"45":0,"46":0,"47":0,"48":0,"49":0,"50":0,"51":0,"52":0,"53":0,"54":0,"55":0,"56":0,"57":0,"58":0,"59":0,"60":0,"61":0,"62":0,"63":0,"64":0,"65":0,"66":0,"67":0,"68":0,"69":0,"70":0,"71":0,"72":0,"73":0,"74":0,"75":0,"76":0,"77":0,"78":0,"79":0,"80":0,"81":0,"82":0,"83":0,"84":0,"85":0,"86":0,"87":0,"88":0,"89":0,"90":0,"91":0,"92":0},"f":{"0":20,"1":20,"2":0,"3":0,"4":0,"5":0,"6":0,"7":0,"8":0,"9":0,"10":0,"11":0,"12":0,"13":0,"14":0,"15":0,"16":0},"b":{"0":[0,0],"1":[0,0],"2":[0,0],"3":[0,0],"4":[0],"5":[0,0],"6":[0,0],"7":[0,0],"8":[0,0],"9":[0,0],"10":[0,0],"11":[0,0],"12":[0,0],"13":[0,0],"14":[0,0],"15":[0,0],"16":[0,0],"17":[0,0],"18":[0,0],"19":[0,0,0],"20":[0,0],"21":[0,0],"22":[0,0],"23":[0,0,0],"24":[0,0]},"_coverageSchema":"1a1c01bbd47fc00a2c39e90264f33305004495a9","hash":"c7003dc82c06bf4827da4e0954f0f23698299794"}
,"/Users/isaiahdupree/Documents/Software/EverReachOrganized/ios-app/hooks/useSubscriptionBilling.ts": {"path":"/Users/isaiahdupree/Documents/Software/EverReachOrganized/ios-app/hooks/useSubscriptionBilling.ts","statementMap":{"0":{"start":{"line":27,"column":2},"end":{"line":47,"column":5}},"1":{"start":{"line":42,"column":6},"end":{"line":42,"column":25}},"2":{"start":{"line":54,"column":2},"end":{"line":79,"column":5}},"3":{"start":{"line":56,"column":18},"end":{"line":64,"column":8}},"4":{"start":{"line":66,"column":6},"end":{"line":69,"column":7}},"5":{"start":{"line":67,"column":22},"end":{"line":67,"column":82}},"6":{"start":{"line":67,"column":52},"end":{"line":67,"column":80}},"7":{"start":{"line":68,"column":8},"end":{"line":68,"column":58}},"8":{"start":{"line":71,"column":6},"end":{"line":71,"column":53}},"9":{"start":{"line":75,"column":6},"end":{"line":77,"column":7}},"10":{"start":{"line":76,"column":8},"end":{"line":76,"column":35}},"11":{"start":{"line":86,"column":2},"end":{"line":106,"column":5}},"12":{"start":{"line":88,"column":18},"end":{"line":91,"column":8}},"13":{"start":{"line":93,"column":6},"end":{"line":96,"column":7}},"14":{"start":{"line":94,"column":22},"end":{"line":94,"column":80}},"15":{"start":{"line":94,"column":52},"end":{"line":94,"column":78}},"16":{"start":{"line":95,"column":8},"end":{"line":95,"column":72}},"17":{"start":{"line":98,"column":6},"end":{"line":98,"column":58}},"18":{"start":{"line":102,"column":6},"end":{"line":104,"column":7}},"19":{"start":{"line":103,"column":8},"end":{"line":103,"column":35}},"20":{"start":{"line":113,"column":22},"end":{"line":113,"column":38}},"21":{"start":{"line":115,"column":2},"end":{"line":141,"column":5}},"22":{"start":{"line":117,"column":18},"end":{"line":121,"column":8}},"23":{"start":{"line":123,"column":6},"end":{"line":126,"column":7}},"24":{"start":{"line":124,"column":22},"end":{"line":124,"column":86}},"25":{"start":{"line":124,"column":52},"end":{"line":124,"column":84}},"26":{"start":{"line":125,"column":8},"end":{"line":125,"column":72}},"27":{"start":{"line":128,"column":6},"end":{"line":128,"column":63}},"28":{"start":{"line":132,"column":6},"end":{"line":136,"column":7}},"29":{"start":{"line":133,"column":8},"end":{"line":135,"column":9}},"30":{"start":{"line":134,"column":10},"end":{"line":134,"column":49}},"31":{"start":{"line":139,"column":6},"end":{"line":139,"column":68}},"32":{"start":{"line":148,"column":22},"end":{"line":148,"column":38}},"33":{"start":{"line":150,"column":2},"end":{"line":169,"column":5}},"34":{"start":{"line":152,"column":18},"end":{"line":156,"column":8}},"35":{"start":{"line":158,"column":6},"end":{"line":161,"column":7}},"36":{"start":{"line":159,"column":22},"end":{"line":159,"column":84}},"37":{"start":{"line":159,"column":52},"end":{"line":159,"column":82}},"38":{"start":{"line":160,"column":8},"end":{"line":160,"column":71}},"39":{"start":{"line":163,"column":6},"end":{"line":163,"column":54}},"40":{"start":{"line":167,"column":6},"end":{"line":167,"column":68}},"41":{"start":{"line":176,"column":22},"end":{"line":176,"column":38}},"42":{"start":{"line":178,"column":2},"end":{"line":201,"column":5}},"43":{"start":{"line":180,"column":18},"end":{"line":188,"column":8}},"44":{"start":{"line":190,"column":6},"end":{"line":193,"column":7}},"45":{"start":{"line":191,"column":22},"end":{"line":191,"column":85}},"46":{"start":{"line":191,"column":52},"end":{"line":191,"column":83}},"47":{"start":{"line":192,"column":8},"end":{"line":192,"column":73}},"48":{"start":{"line":195,"column":6},"end":{"line":195,"column":54}},"49":{"start":{"line":199,"column":6},"end":{"line":199,"column":68}},"50":{"start":{"line":208,"column":19},"end":{"line":208,"column":36}},"51":{"start":{"line":210,"column":2},"end":{"line":218,"column":4}}},"fnMap":{"0":{"name":"useSubscription","decl":{"start":{"line":26,"column":16},"end":{"line":26,"column":31}},"loc":{"start":{"line":26,"column":34},"end":{"line":48,"column":1}},"line":26},"1":{"name":"(anonymous_1)","decl":{"start":{"line":29,"column":13},"end":{"line":29,"column":14}},"loc":{"start":{"line":29,"column":25},"end":{"line":43,"column":5}},"line":29},"2":{"name":"useStartCheckout","decl":{"start":{"line":53,"column":16},"end":{"line":53,"column":32}},"loc":{"start":{"line":53,"column":35},"end":{"line":80,"column":1}},"line":53},"3":{"name":"(anonymous_3)","decl":{"start":{"line":55,"column":16},"end":{"line":55,"column":17}},"loc":{"start":{"line":55,"column":50},"end":{"line":72,"column":5}},"line":55},"4":{"name":"(anonymous_4)","decl":{"start":{"line":67,"column":45},"end":{"line":67,"column":46}},"loc":{"start":{"line":67,"column":52},"end":{"line":67,"column":80}},"line":67},"5":{"name":"(anonymous_5)","decl":{"start":{"line":73,"column":15},"end":{"line":73,"column":16}},"loc":{"start":{"line":73,"column":28},"end":{"line":78,"column":5}},"line":73},"6":{"name":"useOpenBillingPortal","decl":{"start":{"line":85,"column":16},"end":{"line":85,"column":36}},"loc":{"start":{"line":85,"column":39},"end":{"line":107,"column":1}},"line":85},"7":{"name":"(anonymous_7)","decl":{"start":{"line":87,"column":16},"end":{"line":87,"column":17}},"loc":{"start":{"line":87,"column":28},"end":{"line":99,"column":5}},"line":87},"8":{"name":"(anonymous_8)","decl":{"start":{"line":94,"column":45},"end":{"line":94,"column":46}},"loc":{"start":{"line":94,"column":52},"end":{"line":94,"column":78}},"line":94},"9":{"name":"(anonymous_9)","decl":{"start":{"line":100,"column":15},"end":{"line":100,"column":16}},"loc":{"start":{"line":100,"column":28},"end":{"line":105,"column":5}},"line":100},"10":{"name":"useCancelSubscription","decl":{"start":{"line":112,"column":16},"end":{"line":112,"column":37}},"loc":{"start":{"line":112,"column":40},"end":{"line":142,"column":1}},"line":112},"11":{"name":"(anonymous_11)","decl":{"start":{"line":116,"column":16},"end":{"line":116,"column":17}},"loc":{"start":{"line":116,"column":61},"end":{"line":129,"column":5}},"line":116},"12":{"name":"(anonymous_12)","decl":{"start":{"line":124,"column":45},"end":{"line":124,"column":46}},"loc":{"start":{"line":124,"column":52},"end":{"line":124,"column":84}},"line":124},"13":{"name":"(anonymous_13)","decl":{"start":{"line":130,"column":15},"end":{"line":130,"column":16}},"loc":{"start":{"line":130,"column":25},"end":{"line":140,"column":5}},"line":130},"14":{"name":"useLinkAppleReceipt","decl":{"start":{"line":147,"column":16},"end":{"line":147,"column":35}},"loc":{"start":{"line":147,"column":38},"end":{"line":170,"column":1}},"line":147},"15":{"name":"(anonymous_15)","decl":{"start":{"line":151,"column":16},"end":{"line":151,"column":17}},"loc":{"start":{"line":151,"column":58},"end":{"line":164,"column":5}},"line":151},"16":{"name":"(anonymous_16)","decl":{"start":{"line":159,"column":45},"end":{"line":159,"column":46}},"loc":{"start":{"line":159,"column":52},"end":{"line":159,"column":82}},"line":159},"17":{"name":"(anonymous_17)","decl":{"start":{"line":165,"column":15},"end":{"line":165,"column":16}},"loc":{"start":{"line":165,"column":21},"end":{"line":168,"column":5}},"line":165},"18":{"name":"useLinkGooglePurchase","decl":{"start":{"line":175,"column":16},"end":{"line":175,"column":37}},"loc":{"start":{"line":175,"column":40},"end":{"line":202,"column":1}},"line":175},"19":{"name":"(anonymous_19)","decl":{"start":{"line":179,"column":16},"end":{"line":179,"column":17}},"loc":{"start":{"line":179,"column":60},"end":{"line":196,"column":5}},"line":179},"20":{"name":"(anonymous_20)","decl":{"start":{"line":191,"column":45},"end":{"line":191,"column":46}},"loc":{"start":{"line":191,"column":52},"end":{"line":191,"column":83}},"line":191},"21":{"name":"(anonymous_21)","decl":{"start":{"line":197,"column":15},"end":{"line":197,"column":16}},"loc":{"start":{"line":197,"column":21},"end":{"line":200,"column":5}},"line":197},"22":{"name":"useFeatureAccess","decl":{"start":{"line":207,"column":16},"end":{"line":207,"column":32}},"loc":{"start":{"line":207,"column":35},"end":{"line":219,"column":1}},"line":207}},"branchMap":{"0":{"loc":{"start":{"line":66,"column":6},"end":{"line":69,"column":7}},"type":"if","locations":[{"start":{"line":66,"column":6},"end":{"line":69,"column":7}},{"start":{},"end":{}}],"line":66},"1":{"loc":{"start":{"line":68,"column":24},"end":{"line":68,"column":56}},"type":"binary-expr","locations":[{"start":{"line":68,"column":24},"end":{"line":68,"column":35}},{"start":{"line":68,"column":39},"end":{"line":68,"column":56}}],"line":68},"2":{"loc":{"start":{"line":75,"column":6},"end":{"line":77,"column":7}},"type":"if","locations":[{"start":{"line":75,"column":6},"end":{"line":77,"column":7}},{"start":{},"end":{}}],"line":75},"3":{"loc":{"start":{"line":93,"column":6},"end":{"line":96,"column":7}},"type":"if","locations":[{"start":{"line":93,"column":6},"end":{"line":96,"column":7}},{"start":{},"end":{}}],"line":93},"4":{"loc":{"start":{"line":95,"column":24},"end":{"line":95,"column":70}},"type":"binary-expr","locations":[{"start":{"line":95,"column":24},"end":{"line":95,"column":35}},{"start":{"line":95,"column":39},"end":{"line":95,"column":70}}],"line":95},"5":{"loc":{"start":{"line":102,"column":6},"end":{"line":104,"column":7}},"type":"if","locations":[{"start":{"line":102,"column":6},"end":{"line":104,"column":7}},{"start":{},"end":{}}],"line":102},"6":{"loc":{"start":{"line":119,"column":29},"end":{"line":119,"column":41}},"type":"binary-expr","locations":[{"start":{"line":119,"column":29},"end":{"line":119,"column":35}},{"start":{"line":119,"column":39},"end":{"line":119,"column":41}}],"line":119},"7":{"loc":{"start":{"line":123,"column":6},"end":{"line":126,"column":7}},"type":"if","locations":[{"start":{"line":123,"column":6},"end":{"line":126,"column":7}},{"start":{},"end":{}}],"line":123},"8":{"loc":{"start":{"line":125,"column":24},"end":{"line":125,"column":70}},"type":"binary-expr","locations":[{"start":{"line":125,"column":24},"end":{"line":125,"column":35}},{"start":{"line":125,"column":39},"end":{"line":125,"column":70}}],"line":125},"9":{"loc":{"start":{"line":132,"column":6},"end":{"line":136,"column":7}},"type":"if","locations":[{"start":{"line":132,"column":6},"end":{"line":136,"column":7}},{"start":{},"end":{}}],"line":132},"10":{"loc":{"start":{"line":132,"column":10},"end":{"line":132,"column":59}},"type":"binary-expr","locations":[{"start":{"line":132,"column":10},"end":{"line":132,"column":40}},{"start":{"line":132,"column":44},"end":{"line":132,"column":59}}],"line":132},"11":{"loc":{"start":{"line":133,"column":8},"end":{"line":135,"column":9}},"type":"if","locations":[{"start":{"line":133,"column":8},"end":{"line":135,"column":9}},{"start":{},"end":{}}],"line":133},"12":{"loc":{"start":{"line":158,"column":6},"end":{"line":161,"column":7}},"type":"if","locations":[{"start":{"line":158,"column":6},"end":{"line":161,"column":7}},{"start":{},"end":{}}],"line":158},"13":{"loc":{"start":{"line":160,"column":24},"end":{"line":160,"column":69}},"type":"binary-expr","locations":[{"start":{"line":160,"column":24},"end":{"line":160,"column":35}},{"start":{"line":160,"column":39},"end":{"line":160,"column":69}}],"line":160},"14":{"loc":{"start":{"line":190,"column":6},"end":{"line":193,"column":7}},"type":"if","locations":[{"start":{"line":190,"column":6},"end":{"line":193,"column":7}},{"start":{},"end":{}}],"line":190},"15":{"loc":{"start":{"line":192,"column":24},"end":{"line":192,"column":71}},"type":"binary-expr","locations":[{"start":{"line":192,"column":24},"end":{"line":192,"column":35}},{"start":{"line":192,"column":39},"end":{"line":192,"column":71}}],"line":192},"16":{"loc":{"start":{"line":211,"column":12},"end":{"line":211,"column":90}},"type":"binary-expr","locations":[{"start":{"line":211,"column":12},"end":{"line":211,"column":47}},{"start":{"line":211,"column":51},"end":{"line":211,"column":90}}],"line":211},"17":{"loc":{"start":{"line":212,"column":11},"end":{"line":212,"column":88}},"type":"binary-expr","locations":[{"start":{"line":212,"column":11},"end":{"line":212,"column":45}},{"start":{"line":212,"column":49},"end":{"line":212,"column":88}}],"line":212},"18":{"loc":{"start":{"line":213,"column":12},"end":{"line":213,"column":90}},"type":"binary-expr","locations":[{"start":{"line":213,"column":12},"end":{"line":213,"column":47}},{"start":{"line":213,"column":51},"end":{"line":213,"column":90}}],"line":213},"19":{"loc":{"start":{"line":214,"column":16},"end":{"line":214,"column":42}},"type":"binary-expr","locations":[{"start":{"line":214,"column":16},"end":{"line":214,"column":33}},{"start":{"line":214,"column":37},"end":{"line":214,"column":42}}],"line":214},"20":{"loc":{"start":{"line":215,"column":15},"end":{"line":215,"column":40}},"type":"binary-expr","locations":[{"start":{"line":215,"column":15},"end":{"line":215,"column":31}},{"start":{"line":215,"column":35},"end":{"line":215,"column":40}}],"line":215},"21":{"loc":{"start":{"line":217,"column":14},"end":{"line":217,"column":48}},"type":"binary-expr","locations":[{"start":{"line":217,"column":14},"end":{"line":217,"column":42}},{"start":{"line":217,"column":46},"end":{"line":217,"column":48}}],"line":217}},"s":{"0":12,"1":0,"2":12,"3":0,"4":0,"5":0,"6":0,"7":0,"8":0,"9":0,"10":0,"11":12,"12":0,"13":0,"14":0,"15":0,"16":0,"17":0,"18":0,"19":0,"20":12,"21":12,"22":0,"23":0,"24":0,"25":0,"26":0,"27":0,"28":0,"29":0,"30":0,"31":0,"32":12,"33":12,"34":0,"35":0,"36":0,"37":0,"38":0,"39":0,"40":0,"41":12,"42":12,"43":0,"44":0,"45":0,"46":0,"47":0,"48":0,"49":0,"50":0,"51":0},"f":{"0":12,"1":0,"2":12,"3":0,"4":0,"5":0,"6":12,"7":0,"8":0,"9":0,"10":12,"11":0,"12":0,"13":0,"14":12,"15":0,"16":0,"17":0,"18":12,"19":0,"20":0,"21":0,"22":0},"b":{"0":[0,0],"1":[0,0],"2":[0,0],"3":[0,0],"4":[0,0],"5":[0,0],"6":[0,0],"7":[0,0],"8":[0,0],"9":[0,0],"10":[0,0],"11":[0,0],"12":[0,0],"13":[0,0],"14":[0,0],"15":[0,0],"16":[0,0],"17":[0,0],"18":[0,0],"19":[0,0],"20":[0,0],"21":[0,0]},"_coverageSchema":"1a1c01bbd47fc00a2c39e90264f33305004495a9","hash":"99e4d886d58eb2cae3e183114de78994876f7baa"}
,"/Users/isaiahdupree/Documents/Software/EverReachOrganized/ios-app/lib/api.ts": {"path":"/Users/isaiahdupree/Documents/Software/EverReachOrganized/ios-app/lib/api.ts","statementMap":{"0":{"start":{"line":11,"column":4},"end":{"line":16,"column":38}},"1":{"start":{"line":20,"column":2},"end":{"line":23,"column":3}},"2":{"start":{"line":21,"column":4},"end":{"line":21,"column":49}},"3":{"start":{"line":22,"column":4},"end":{"line":22,"column":81}},"4":{"start":{"line":25,"column":18},"end":{"line":25,"column":41}},"5":{"start":{"line":28,"column":2},"end":{"line":39,"column":3}},"6":{"start":{"line":29,"column":4},"end":{"line":29,"column":49}},"7":{"start":{"line":30,"column":4},"end":{"line":30,"column":45}},"8":{"start":{"line":32,"column":6},"end":{"line":36,"column":26}},"9":{"start":{"line":37,"column":4},"end":{"line":37,"column":47}},"10":{"start":{"line":38,"column":4},"end":{"line":38,"column":30}},"11":{"start":{"line":41,"column":2},"end":{"line":44,"column":3}},"12":{"start":{"line":42,"column":4},"end":{"line":42,"column":71}},"13":{"start":{"line":43,"column":4},"end":{"line":43,"column":74}},"14":{"start":{"line":46,"column":2},"end":{"line":46,"column":17}},"15":{"start":{"line":48,"column":0},"end":{"line":48,"column":27}},"16":{"start":{"line":51,"column":57},"end":{"line":51,"column":61}},"17":{"start":{"line":52,"column":23},"end":{"line":52,"column":24}},"18":{"start":{"line":53,"column":25},"end":{"line":53,"column":29}},"19":{"start":{"line":54,"column":25},"end":{"line":54,"column":29}},"20":{"start":{"line":59,"column":2},"end":{"line":146,"column":3}},"21":{"start":{"line":60,"column":4},"end":{"line":140,"column":5}},"22":{"start":{"line":62,"column":18},"end":{"line":62,"column":28}},"23":{"start":{"line":63,"column":20},"end":{"line":63,"column":33}},"24":{"start":{"line":65,"column":6},"end":{"line":70,"column":7}},"25":{"start":{"line":66,"column":25},"end":{"line":66,"column":57}},"26":{"start":{"line":67,"column":8},"end":{"line":67,"column":32}},"27":{"start":{"line":68,"column":8},"end":{"line":68,"column":32}},"28":{"start":{"line":69,"column":8},"end":{"line":69,"column":31}},"29":{"start":{"line":72,"column":6},"end":{"line":76,"column":7}},"30":{"start":{"line":73,"column":8},"end":{"line":73,"column":47}},"31":{"start":{"line":74,"column":8},"end":{"line":74,"column":47}},"32":{"start":{"line":75,"column":8},"end":{"line":75,"column":18}},"33":{"start":{"line":79,"column":24},"end":{"line":79,"column":74}},"34":{"start":{"line":80,"column":29},"end":{"line":80,"column":53}},"35":{"start":{"line":81,"column":24},"end":{"line":81,"column":40}},"36":{"start":{"line":83,"column":6},"end":{"line":87,"column":7}},"37":{"start":{"line":84,"column":8},"end":{"line":84,"column":66}},"38":{"start":{"line":85,"column":13},"end":{"line":87,"column":7}},"39":{"start":{"line":86,"column":8},"end":{"line":86,"column":73}},"40":{"start":{"line":89,"column":6},"end":{"line":130,"column":7}},"41":{"start":{"line":91,"column":8},"end":{"line":121,"column":9}},"42":{"start":{"line":92,"column":10},"end":{"line":120,"column":15}},"43":{"start":{"line":93,"column":12},"end":{"line":119,"column":13}},"44":{"start":{"line":94,"column":14},"end":{"line":94,"column":58}},"45":{"start":{"line":95,"column":51},"end":{"line":95,"column":87}},"46":{"start":{"line":96,"column":14},"end":{"line":103,"column":15}},"47":{"start":{"line":97,"column":16},"end":{"line":97,"column":72}},"48":{"start":{"line":98,"column":16},"end":{"line":98,"column":79}},"49":{"start":{"line":100,"column":16},"end":{"line":100,"column":37}},"50":{"start":{"line":101,"column":16},"end":{"line":101,"column":37}},"51":{"start":{"line":102,"column":16},"end":{"line":102,"column":28}},"52":{"start":{"line":104,"column":14},"end":{"line":109,"column":15}},"53":{"start":{"line":105,"column":16},"end":{"line":105,"column":79}},"54":{"start":{"line":106,"column":16},"end":{"line":106,"column":37}},"55":{"start":{"line":107,"column":16},"end":{"line":107,"column":37}},"56":{"start":{"line":108,"column":16},"end":{"line":108,"column":28}},"57":{"start":{"line":110,"column":14},"end":{"line":110,"column":60}},"58":{"start":{"line":111,"column":14},"end":{"line":111,"column":162}},"59":{"start":{"line":113,"column":14},"end":{"line":113,"column":50}},"60":{"start":{"line":114,"column":14},"end":{"line":114,"column":44}},"61":{"start":{"line":115,"column":14},"end":{"line":115,"column":63}},"62":{"start":{"line":118,"column":14},"end":{"line":118,"column":41}},"63":{"start":{"line":123,"column":25},"end":{"line":123,"column":50}},"64":{"start":{"line":124,"column":8},"end":{"line":129,"column":9}},"65":{"start":{"line":125,"column":10},"end":{"line":125,"column":57}},"66":{"start":{"line":127,"column":10},"end":{"line":127,"column":67}},"67":{"start":{"line":128,"column":10},"end":{"line":128,"column":20}},"68":{"start":{"line":132,"column":20},"end":{"line":132,"column":40}},"69":{"start":{"line":133,"column":6},"end":{"line":139,"column":7}},"70":{"start":{"line":135,"column":25},"end":{"line":135,"column":47}},"71":{"start":{"line":136,"column":32},"end":{"line":136,"column":47}},"72":{"start":{"line":137,"column":8},"end":{"line":137,"column":117}},"73":{"start":{"line":138,"column":8},"end":{"line":138,"column":52}},"74":{"start":{"line":142,"column":4},"end":{"line":142,"column":47}},"75":{"start":{"line":144,"column":4},"end":{"line":144,"column":25}},"76":{"start":{"line":145,"column":4},"end":{"line":145,"column":25}},"77":{"start":{"line":147,"column":2},"end":{"line":147,"column":12}},"78":{"start":{"line":152,"column":2},"end":{"line":152,"column":44}},"79":{"start":{"line":153,"column":2},"end":{"line":153,"column":23}},"80":{"start":{"line":154,"column":2},"end":{"line":154,"column":23}},"81":{"start":{"line":155,"column":2},"end":{"line":155,"column":29}},"82":{"start":{"line":161,"column":21},"end":{"line":161,"column":57}},"83":{"start":{"line":162,"column":18},"end":{"line":162,"column":81}},"84":{"start":{"line":163,"column":19},"end":{"line":163,"column":23}},"85":{"start":{"line":168,"column":23},"end":{"line":168,"column":60}},"86":{"start":{"line":169,"column":15},"end":{"line":169,"column":44}},"87":{"start":{"line":170,"column":14},"end":{"line":170,"column":44}},"88":{"start":{"line":171,"column":20},"end":{"line":171,"column":45}},"89":{"start":{"line":172,"column":17},"end":{"line":172,"column":53}},"90":{"start":{"line":175,"column":15},"end":{"line":175,"column":50}},"91":{"start":{"line":178,"column":21},"end":{"line":178,"column":50}},"92":{"start":{"line":179,"column":31},"end":{"line":183,"column":3}},"93":{"start":{"line":184,"column":2},"end":{"line":190,"column":3}},"94":{"start":{"line":185,"column":4},"end":{"line":185,"column":73}},"95":{"start":{"line":186,"column":4},"end":{"line":189,"column":6}},"96":{"start":{"line":193,"column":2},"end":{"line":193,"column":53}},"97":{"start":{"line":194,"column":2},"end":{"line":194,"column":30}},"98":{"start":{"line":195,"column":2},"end":{"line":195,"column":50}},"99":{"start":{"line":196,"column":2},"end":{"line":196,"column":32}},"100":{"start":{"line":197,"column":2},"end":{"line":199,"column":3}},"101":{"start":{"line":198,"column":4},"end":{"line":198,"column":42}},"102":{"start":{"line":200,"column":2},"end":{"line":200,"column":32}},"103":{"start":{"line":201,"column":2},"end":{"line":201,"column":43}},"104":{"start":{"line":202,"column":2},"end":{"line":202,"column":53}},"105":{"start":{"line":203,"column":2},"end":{"line":203,"column":39}},"106":{"start":{"line":204,"column":2},"end":{"line":207,"column":3}},"107":{"start":{"line":206,"column":4},"end":{"line":206,"column":82}},"108":{"start":{"line":209,"column":45},"end":{"line":209,"column":68}},"109":{"start":{"line":210,"column":2},"end":{"line":216,"column":3}},"110":{"start":{"line":211,"column":26},"end":{"line":211,"column":63}},"111":{"start":{"line":212,"column":20},"end":{"line":214,"column":32}},"112":{"start":{"line":215,"column":4},"end":{"line":215,"column":42}},"113":{"start":{"line":217,"column":2},"end":{"line":217,"column":69}},"114":{"start":{"line":218,"column":2},"end":{"line":227,"column":3}},"115":{"start":{"line":219,"column":4},"end":{"line":219,"column":39}},"116":{"start":{"line":221,"column":4},"end":{"line":226,"column":5}},"117":{"start":{"line":222,"column":21},"end":{"line":222,"column":52}},"118":{"start":{"line":223,"column":6},"end":{"line":223,"column":72}},"119":{"start":{"line":228,"column":2},"end":{"line":228,"column":53}},"120":{"start":{"line":231,"column":17},"end":{"line":231,"column":35}},"121":{"start":{"line":232,"column":2},"end":{"line":249,"column":3}},"122":{"start":{"line":233,"column":19},"end":{"line":233,"column":40}},"123":{"start":{"line":234,"column":4},"end":{"line":242,"column":5}},"124":{"start":{"line":235,"column":6},"end":{"line":235,"column":46}},"125":{"start":{"line":237,"column":6},"end":{"line":241,"column":9}},"126":{"start":{"line":243,"column":21},"end":{"line":243,"column":45}},"127":{"start":{"line":244,"column":4},"end":{"line":248,"column":5}},"128":{"start":{"line":245,"column":6},"end":{"line":245,"column":51}},"129":{"start":{"line":247,"column":6},"end":{"line":247,"column":47}},"130":{"start":{"line":247,"column":34},"end":{"line":247,"column":45}},"131":{"start":{"line":252,"column":23},"end":{"line":252,"column":33}},"132":{"start":{"line":255,"column":21},"end":{"line":255,"column":42}},"133":{"start":{"line":256,"column":20},"end":{"line":256,"column":63}},"134":{"start":{"line":256,"column":37},"end":{"line":256,"column":55}},"135":{"start":{"line":258,"column":2},"end":{"line":392,"column":3}},"136":{"start":{"line":259,"column":4},"end":{"line":259,"column":58}},"137":{"start":{"line":260,"column":23},"end":{"line":260,"column":82}},"138":{"start":{"line":261,"column":4},"end":{"line":261,"column":65}},"139":{"start":{"line":264,"column":4},"end":{"line":266,"column":5}},"140":{"start":{"line":265,"column":6},"end":{"line":265,"column":45}},"141":{"start":{"line":268,"column":4},"end":{"line":268,"column":56}},"142":{"start":{"line":269,"column":21},"end":{"line":269,"column":39}},"143":{"start":{"line":270,"column":4},"end":{"line":270,"column":51}},"144":{"start":{"line":271,"column":21},"end":{"line":271,"column":46}},"145":{"start":{"line":273,"column":4},"end":{"line":273,"column":56}},"146":{"start":{"line":274,"column":4},"end":{"line":274,"column":50}},"147":{"start":{"line":275,"column":4},"end":{"line":275,"column":68}},"148":{"start":{"line":276,"column":4},"end":{"line":276,"column":38}},"149":{"start":{"line":277,"column":4},"end":{"line":277,"column":54}},"150":{"start":{"line":280,"column":26},"end":{"line":280,"column":42}},"151":{"start":{"line":281,"column":23},"end":{"line":281,"column":25}},"152":{"start":{"line":282,"column":4},"end":{"line":295,"column":5}},"153":{"start":{"line":283,"column":6},"end":{"line":283,"column":48}},"154":{"start":{"line":284,"column":6},"end":{"line":292,"column":7}},"155":{"start":{"line":285,"column":8},"end":{"line":285,"column":73}},"156":{"start":{"line":286,"column":8},"end":{"line":291,"column":9}},"157":{"start":{"line":287,"column":31},"end":{"line":287,"column":55}},"158":{"start":{"line":288,"column":10},"end":{"line":288,"column":104}},"159":{"start":{"line":294,"column":6},"end":{"line":294,"column":58}},"160":{"start":{"line":297,"column":4},"end":{"line":297,"column":56}},"161":{"start":{"line":300,"column":4},"end":{"line":300,"column":28}},"162":{"start":{"line":303,"column":4},"end":{"line":306,"column":5}},"163":{"start":{"line":304,"column":6},"end":{"line":304,"column":93}},"164":{"start":{"line":305,"column":6},"end":{"line":305,"column":34}},"165":{"start":{"line":309,"column":4},"end":{"line":359,"column":5}},"166":{"start":{"line":310,"column":6},"end":{"line":310,"column":81}},"167":{"start":{"line":312,"column":6},"end":{"line":358,"column":7}},"168":{"start":{"line":314,"column":8},"end":{"line":314,"column":29}},"169":{"start":{"line":315,"column":8},"end":{"line":315,"column":29}},"170":{"start":{"line":318,"column":8},"end":{"line":354,"column":9}},"171":{"start":{"line":319,"column":10},"end":{"line":343,"column":11}},"172":{"start":{"line":320,"column":12},"end":{"line":342,"column":17}},"173":{"start":{"line":321,"column":14},"end":{"line":341,"column":15}},"174":{"start":{"line":322,"column":16},"end":{"line":322,"column":71}},"175":{"start":{"line":323,"column":53},"end":{"line":323,"column":89}},"176":{"start":{"line":324,"column":16},"end":{"line":328,"column":17}},"177":{"start":{"line":325,"column":18},"end":{"line":325,"column":71}},"178":{"start":{"line":326,"column":18},"end":{"line":326,"column":77}},"179":{"start":{"line":327,"column":18},"end":{"line":327,"column":30}},"180":{"start":{"line":329,"column":16},"end":{"line":332,"column":17}},"181":{"start":{"line":330,"column":18},"end":{"line":330,"column":77}},"182":{"start":{"line":331,"column":18},"end":{"line":331,"column":30}},"183":{"start":{"line":333,"column":16},"end":{"line":333,"column":72}},"184":{"start":{"line":334,"column":16},"end":{"line":334,"column":164}},"185":{"start":{"line":336,"column":16},"end":{"line":336,"column":52}},"186":{"start":{"line":337,"column":16},"end":{"line":337,"column":46}},"187":{"start":{"line":338,"column":16},"end":{"line":338,"column":65}},"188":{"start":{"line":340,"column":16},"end":{"line":340,"column":43}},"189":{"start":{"line":345,"column":27},"end":{"line":345,"column":52}},"190":{"start":{"line":346,"column":10},"end":{"line":353,"column":11}},"191":{"start":{"line":347,"column":12},"end":{"line":347,"column":65}},"192":{"start":{"line":349,"column":12},"end":{"line":349,"column":67}},"193":{"start":{"line":349,"column":41},"end":{"line":349,"column":65}},"194":{"start":{"line":350,"column":12},"end":{"line":350,"column":46}},"195":{"start":{"line":352,"column":12},"end":{"line":352,"column":69}},"196":{"start":{"line":356,"column":8},"end":{"line":356,"column":63}},"197":{"start":{"line":361,"column":4},"end":{"line":361,"column":20}},"198":{"start":{"line":363,"column":4},"end":{"line":363,"column":65}},"199":{"start":{"line":364,"column":21},"end":{"line":364,"column":46}},"200":{"start":{"line":367,"column":4},"end":{"line":367,"column":28}},"201":{"start":{"line":370,"column":4},"end":{"line":376,"column":5}},"202":{"start":{"line":371,"column":6},"end":{"line":371,"column":59}},"203":{"start":{"line":372,"column":6},"end":{"line":372,"column":54}},"204":{"start":{"line":373,"column":6},"end":{"line":373,"column":58}},"205":{"start":{"line":374,"column":6},"end":{"line":374,"column":59}},"206":{"start":{"line":375,"column":6},"end":{"line":375,"column":81}},"207":{"start":{"line":378,"column":4},"end":{"line":378,"column":55}},"208":{"start":{"line":379,"column":4},"end":{"line":379,"column":52}},"209":{"start":{"line":381,"column":4},"end":{"line":381,"column":86}},"210":{"start":{"
[...]
:{"line":278,"column":1}},"9":{"start":{"line":69,"column":4},"end":{"line":105,"column":5}},"10":{"start":{"line":70,"column":23},"end":{"line":70,"column":87}},"11":{"start":{"line":71,"column":6},"end":{"line":73,"column":7}},"12":{"start":{"line":72,"column":8},"end":{"line":72,"column":127}},"13":{"start":{"line":74,"column":19},"end":{"line":74,"column":40}},"14":{"start":{"line":75,"column":23},"end":{"line":75,"column":48}},"15":{"start":{"line":76,"column":21},"end":{"line":76,"column":45}},"16":{"start":{"line":77,"column":43},"end":{"line":77,"column":76}},"17":{"start":{"line":78,"column":47},"end":{"line":78,"column":133}},"18":{"start":{"line":79,"column":42},"end":{"line":81,"column":20}},"19":{"start":{"line":83,"column":32},"end":{"line":100,"column":7}},"20":{"start":{"line":101,"column":6},"end":{"line":101,"column":17}},"21":{"start":{"line":103,"column":6},"end":{"line":103,"column":73}},"22":{"start":{"line":104,"column":6},"end":{"line":104,"column":125}},"23":{"start":{"line":113,"column":21},"end":{"line":117,"column":6}},"24":{"start":{"line":118,"column":4},"end":{"line":118,"column":77}},"25":{"start":{"line":118,"column":22},"end":{"line":118,"column":77}},"26":{"start":{"line":119,"column":4},"end":{"line":119,"column":33}},"27":{"start":{"line":124,"column":21},"end":{"line":128,"column":6}},"28":{"start":{"line":129,"column":4},"end":{"line":129,"column":75}},"29":{"start":{"line":129,"column":22},"end":{"line":129,"column":75}},"30":{"start":{"line":130,"column":4},"end":{"line":130,"column":33}},"31":{"start":{"line":134,"column":4},"end":{"line":144,"column":5}},"32":{"start":{"line":135,"column":23},"end":{"line":138,"column":8}},"33":{"start":{"line":139,"column":6},"end":{"line":139,"column":50}},"34":{"start":{"line":139,"column":24},"end":{"line":139,"column":50}},"35":{"start":{"line":140,"column":19},"end":{"line":140,"column":40}},"36":{"start":{"line":141,"column":6},"end":{"line":141,"column":64}},"37":{"start":{"line":143,"column":6},"end":{"line":143,"column":32}},"38":{"start":{"line":158,"column":4},"end":{"line":180,"column":5}},"39":{"start":{"line":159,"column":23},"end":{"line":167,"column":8}},"40":{"start":{"line":168,"column":6},"end":{"line":168,"column":50}},"41":{"start":{"line":168,"column":24},"end":{"line":168,"column":50}},"42":{"start":{"line":169,"column":19},"end":{"line":169,"column":40}},"43":{"start":{"line":170,"column":6},"end":{"line":176,"column":8}},"44":{"start":{"line":178,"column":6},"end":{"line":178,"column":76}},"45":{"start":{"line":179,"column":6},"end":{"line":179,"column":32}},"46":{"start":{"line":191,"column":4},"end":{"line":208,"column":5}},"47":{"start":{"line":192,"column":23},"end":{"line":196,"column":8}},"48":{"start":{"line":197,"column":6},"end":{"line":197,"column":50}},"49":{"start":{"line":197,"column":24},"end":{"line":197,"column":50}},"50":{"start":{"line":198,"column":19},"end":{"line":198,"column":40}},"51":{"start":{"line":199,"column":6},"end":{"line":204,"column":8}},"52":{"start":{"line":206,"column":6},"end":{"line":206,"column":80}},"53":{"start":{"line":207,"column":6},"end":{"line":207,"column":32}},"54":{"start":{"line":222,"column":4},"end":{"line":241,"column":5}},"55":{"start":{"line":223,"column":23},"end":{"line":227,"column":8}},"56":{"start":{"line":228,"column":6},"end":{"line":228,"column":50}},"57":{"start":{"line":228,"column":24},"end":{"line":228,"column":50}},"58":{"start":{"line":229,"column":19},"end":{"line":229,"column":40}},"59":{"start":{"line":230,"column":6},"end":{"line":237,"column":8}},"60":{"start":{"line":239,"column":6},"end":{"line":239,"column":75}},"61":{"start":{"line":240,"column":6},"end":{"line":240,"column":32}},"62":{"start":{"line":257,"column":4},"end":{"line":276,"column":5}},"63":{"start":{"line":258,"column":23},"end":{"line":262,"column":8}},"64":{"start":{"line":263,"column":6},"end":{"line":263,"column":50}},"65":{"start":{"line":263,"column":24},"end":{"line":263,"column":50}},"66":{"start":{"line":264,"column":19},"end":{"line":264,"column":40}},"67":{"start":{"line":265,"column":6},"end":{"line":272,"column":8}},"68":{"start":{"line":274,"column":6},"end":{"line":274,"column":76}},"69":{"start":{"line":275,"column":6},"end":{"line":275,"column":32}},"70":{"start":{"line":280,"column":32},"end":{"line":381,"column":1}},"71":{"start":{"line":282,"column":4},"end":{"line":285,"column":5}},"72":{"start":{"line":283,"column":6},"end":{"line":283,"column":60}},"73":{"start":{"line":284,"column":6},"end":{"line":284,"column":53}},"74":{"start":{"line":286,"column":4},"end":{"line":286,"column":52}},"75":{"start":{"line":287,"column":4},"end":{"line":287,"column":53}},"76":{"start":{"line":295,"column":4},"end":{"line":297,"column":5}},"77":{"start":{"line":296,"column":6},"end":{"line":296,"column":62}},"78":{"start":{"line":298,"column":4},"end":{"line":298,"column":65}},"79":{"start":{"line":302,"column":4},"end":{"line":304,"column":5}},"80":{"start":{"line":303,"column":6},"end":{"line":303,"column":68}},"81":{"start":{"line":305,"column":4},"end":{"line":305,"column":63}},"82":{"start":{"line":309,"column":4},"end":{"line":311,"column":5}},"83":{"start":{"line":310,"column":6},"end":{"line":310,"column":32}},"84":{"start":{"line":312,"column":4},"end":{"line":312,"column":54}},"85":{"start":{"line":326,"column":4},"end":{"line":328,"column":5}},"86":{"start":{"line":327,"column":6},"end":{"line":327,"column":32}},"87":{"start":{"line":329,"column":4},"end":{"line":329,"column":62}},"88":{"start":{"line":340,"column":4},"end":{"line":342,"column":5}},"89":{"start":{"line":341,"column":6},"end":{"line":341,"column":32}},"90":{"start":{"line":343,"column":4},"end":{"line":343,"column":66}},"91":{"start":{"line":357,"column":4},"end":{"line":359,"column":5}},"92":{"start":{"line":358,"column":6},"end":{"line":358,"column":77}},"93":{"start":{"line":360,"column":4},"end":{"line":360,"column":61}},"94":{"start":{"line":376,"column":4},"end":{"line":378,"column":5}},"95":{"start":{"line":377,"column":6},"end":{"line":377,"column":77}},"96":{"start":{"line":379,"column":4},"end":{"line":379,"column":62}}},"fnMap":{"0":{"name":"(anonymous_0)","decl":{"start":{"line":48,"column":2},"end":{"line":48,"column":3}},"loc":{"start":{"line":48,"column":49},"end":{"line":64,"column":3}},"line":48},"1":{"name":"(anonymous_1)","decl":{"start":{"line":68,"column":2},"end":{"line":68,"column":3}},"loc":{"start":{"line":68,"column":49},"end":{"line":106,"column":3}},"line":68},"2":{"name":"(anonymous_2)","decl":{"start":{"line":108,"column":2},"end":{"line":108,"column":3}},"loc":{"start":{"line":112,"column":31},"end":{"line":120,"column":3}},"line":112},"3":{"name":"(anonymous_3)","decl":{"start":{"line":122,"column":2},"end":{"line":122,"column":3}},"loc":{"start":{"line":122,"column":93},"end":{"line":131,"column":3}},"line":122},"4":{"name":"(anonymous_4)","decl":{"start":{"line":133,"column":2},"end":{"line":133,"column":3}},"loc":{"start":{"line":133,"column":87},"end":{"line":145,"column":3}},"line":133},"5":{"name":"(anonymous_5)","decl":{"start":{"line":147,"column":2},"end":{"line":147,"column":3}},"loc":{"start":{"line":157,"column":5},"end":{"line":181,"column":3}},"line":157},"6":{"name":"(anonymous_6)","decl":{"start":{"line":183,"column":2},"end":{"line":183,"column":3}},"loc":{"start":{"line":190,"column":5},"end":{"line":209,"column":3}},"line":190},"7":{"name":"(anonymous_7)","decl":{"start":{"line":211,"column":2},"end":{"line":211,"column":3}},"loc":{"start":{"line":221,"column":5},"end":{"line":242,"column":3}},"line":221},"8":{"name":"(anonymous_8)","decl":{"start":{"line":244,"column":2},"end":{"line":244,"column":3}},"loc":{"start":{"line":256,"column":5},"end":{"line":277,"column":3}},"line":256},"9":{"name":"(anonymous_9)","decl":{"start":{"line":281,"column":2},"end":{"line":281,"column":3}},"loc":{"start":{"line":281,"column":49},"end":{"line":288,"column":3}},"line":281},"10":{"name":"(anonymous_10)","decl":{"start":{"line":290,"column":2},"end":{"line":290,"column":3}},"loc":{"start":{"line":294,"column":31},"end":{"line":299,"column":3}},"line":294},"11":{"name":"(anonymous_11)","decl":{"start":{"line":301,"column":2},"end":{"line":301,"column":3}},"loc":{"start":{"line":301,"column":93},"end":{"line":306,"column":3}},"line":301},"12":{"name":"(anonymous_12)","decl":{"start":{"line":308,"column":2},"end":{"line":308,"column":3}},"loc":{"start":{"line":308,"column":87},"end":{"line":313,"column":3}},"line":308},"13":{"name":"(anonymous_13)","decl":{"start":{"line":315,"column":2},"end":{"line":315,"column":3}},"loc":{"start":{"line":325,"column":5},"end":{"line":330,"column":3}},"line":325},"14":{"name":"(anonymous_14)","decl":{"start":{"line":332,"column":2},"end":{"line":332,"column":3}},"loc":{"start":{"line":339,"column":5},"end":{"line":344,"column":3}},"line":339},"15":{"name":"(anonymous_15)","decl":{"start":{"line":346,"column":2},"end":{"line":346,"column":3}},"loc":{"start":{"line":356,"column":5},"end":{"line":361,"column":3}},"line":356},"16":{"name":"(anonymous_16)","decl":{"start":{"line":363,"column":2},"end":{"line":363,"column":3}},"loc":{"start":{"line":375,"column":5},"end":{"line":380,"column":3}},"line":375}},"branchMap":{"0":{"loc":{"start":{"line":50,"column":4},"end":{"line":50,"column":42}},"type":"if","locations":[{"start":{"line":50,"column":4},"end":{"line":50,"column":42}},{"start":{},"end":{}}],"line":50},"1":{"loc":{"start":{"line":71,"column":6},"end":{"line":73,"column":7}},"type":"if","locations":[{"start":{"line":71,"column":6},"end":{"line":73,"column":7}},{"start":{},"end":{}}],"line":71},"2":{"loc":{"start":{"line":75,"column":23},"end":{"line":75,"column":48}},"type":"binary-expr","locations":[{"start":{"line":75,"column":23},"end":{"line":75,"column":40}},{"start":{"line":75,"column":44},"end":{"line":75,"column":48}}],"line":75},"3":{"loc":{"start":{"line":77,"column":43},"end":{"line":77,"column":76}},"type":"binary-expr","locations":[{"start":{"line":77,"column":43},"end":{"line":77,"column":63}},{"start":{"line":77,"column":67},"end":{"line":77,"column":76}}],"line":77},"4":{"loc":{"start":{"line":78,"column":47},"end":{"line":78,"column":133}},"type":"cond-expr","locations":[{"start":{"line":78,"column":90},"end":{"line":78,"column":121}},{"start":{"line":78,"column":124},"end":{"line":78,"column":133}}],"line":78},"5":{"loc":{"start":{"line":79,"column":42},"end":{"line":81,"column":20}},"type":"binary-expr","locations":[{"start":{"line":79,"column":42},"end":{"line":79,"column":59}},{"start":{"line":79,"column":64},"end":{"line":81,"column":19}}],"line":79},"6":{"loc":{"start":{"line":79,"column":64},"end":{"line":81,"column":19}},"type":"cond-expr","locations":[{"start":{"line":80,"column":10},"end":{"line":80,"column":99}},{"start":{"line":81,"column":10},"end":{"line":81,"column":19}}],"line":79},"7":{"loc":{"start":{"line":79,"column":64},"end":{"line":79,"column":96}},"type":"binary-expr","locations":[{"start":{"line":79,"column":64},"end":{"line":79,"column":72}},{"start":{"line":79,"column":76},"end":{"line":79,"column":96}}],"line":79},"8":{"loc":{"start":{"line":84,"column":14},"end":{"line":84,"column":32}},"type":"binary-expr","locations":[{"start":{"line":84,"column":14},"end":{"line":84,"column":22}},{"start":{"line":84,"column":26},"end":{"line":84,"column":32}}],"line":84},"9":{"loc":{"start":{"line":85,"column":18},"end":{"line":85,"column":76}},"type":"cond-expr","locations":[{"start":{"line":85,"column":48},"end":{"line":85,"column":60}},{"start":{"line":85,"column":63},"end":{"line":85,"column":76}}],"line":85},"10":{"loc":{"start":{"line":86,"column":29},"end":{"line":86,"column":63}},"type":"binary-expr","locations":[{"start":{"line":86,"column":29},"end":{"line":86,"column":52}},{"start":{"line":86,"column":56},"end":{"line":86,"column":63}}],"line":86},"11":{"loc":{"start":{"line":89,"column":21},"end":{"line":89,"column":44}},"type":"binary-expr","locations":[{"start":{"line":89,"column":21},"end":{"line":89,"column":36}},{"start":{"line":89,"column":40},"end":{"line":89,"column":44}}],"line":89},"12":{"loc":{"start":{"line":92,"column":26},"end":{"line":92,"column":44}},"type":"binary-expr","locations":[{"start":{"line":92,"column":26},"end":{"line":92,"column":34}},{"start":{"line":92,"column":38},"end":{"line":92,"column":44}}],"line":92},"13":{"loc":{"start":{"line":93,"column":29},"end":{"line":93,"column":46}},"type":"binary-expr","locations":[{"start":{"line":93,"column":29},"end":{"line":93,"column":41}},{"start":{"line":93,"column":45},"end":{"line":93,"column":46}}],"line":93},"14":{"loc":{"start":{"line":94,"column":23},"end":{"line":94,"column":140}},"type":"binary-expr","locations":[{"start":{"line":94,"column":23},"end":{"line":94,"column":30}},{"start":{"line":94,"column":34},"end":{"line":94,"column":140}}],"line":94},"15":{"loc":{"start":{"line":94,"column":52},"end":{"line":94,"column":70}},"type":"binary-expr","locations":[{"start":{"line":94,"column":52},"end":{"line":94,"column":60}},{"start":{"line":94,"column":64},"end":{"line":94,"column":70}}],"line":94},"16":{"loc":{"start":{"line":94,"column":85},"end":{"line":94,"column":102}},"type":"binary-expr","locations":[{"start":{"line":94,"column":85},"end":{"line":94,"column":97}},{"start":{"line":94,"column":101},"end":{"line":94,"column":102}}],"line":94},"17":{"loc":{"start":{"line":95,"column":21},"end":{"line":95,"column":44}},"type":"binary-expr","locations":[{"start":{"line":95,"column":21},"end":{"line":95,"column":36}},{"start":{"line":95,"column":40},"end":{"line":95,"column":44}}],"line":95},"18":{"loc":{"start":{"line":96,"column":29},"end":{"line":96,"column":71}},"type":"binary-expr","locations":[{"start":{"line":96,"column":29},"end":{"line":96,"column":52}},{"start":{"line":96,"column":56},"end":{"line":96,"column":71}}],"line":96},"19":{"loc":{"start":{"line":97,"column":35},"end":{"line":97,"column":133}},"type":"cond-expr","locations":[{"start":{"line":97,"column":84},"end":{"line":97,"column":121}},{"start":{"line":97,"column":124},"end":{"line":97,"column":133}}],"line":97},"20":{"loc":{"start":{"line":99,"column":33},"end":{"line":99,"column":68}},"type":"binary-expr","locations":[{"start":{"line":99,"column":33},"end":{"line":99,"column":60}},{"start":{"line":99,"column":64},"end":{"line":99,"column":68}}],"line":99},"21":{"loc":{"start":{"line":118,"column":4},"end":{"line":118,"column":77}},"type":"if","locations":[{"start":{"line":118,"column":4},"end":{"line":118,"column":77}},{"start":{},"end":{}}],"line":118},"22":{"loc":{"start":{"line":129,"column":4},"end":{"line":129,"column":75}},"type":"if","locations":[{"start":{"line":129,"column":4},"end":{"line":129,"column":75}},{"start":{},"end":{}}],"line":129},"23":{"loc":{"start":{"line":139,"column":6},"end":{"line":139,"column":50}},"type":"if","locations":[{"start":{"line":139,"column":6},"end":{"line":139,"column":50}},{"start":{},"end":{}}],"line":139},"24":{"loc":{"start":{"line":147,"column":27},"end":{"line":151,"column":8}},"type":"default-arg","locations":[{"start":{"line":151,"column":6},"end":{"line":151,"column":8}}],"line":147},"25":{"loc":{"start":{"line":163,"column":17},"end":{"line":163,"column":42}},"type":"binary-expr","locations":[{"start":{"line":163,"column":17},"end":{"line":163,"column":29}},{"start":{"line":163,"column":33},"end":{"line":163,"column":42}}],"line":163},"26":{"loc":{"start":{"line":164,"column":16},"end":{"line":164,"column":43}},"type":"binary-expr","locations":[{"start":{"line":164,"column":16},"end":{"line":164,"column":27}},{"start":{"line":164,"column":31},"end":{"line":164,"column":43}}],"line":164},"27":{"loc":{"start":{"line":165,"column":18},"end":{"line":165,"column":49}},"type":"binary-expr","locations":[{"start":{"line":165,"column":18},"end":{"line":165,"column":31}},{"start":{"line":165,"column":35},"end":{"line":165,"column":49}}],"line":165},"28":{"loc":{"start":{"line":168,"column":6},"end":{"line":168,"column":50}},"type":"if","locations":[{"start":{"line":168,"column":6},"end":{"line":168,"column":50}},{"start":{},"end":{}}],"line":168},"29":{"loc":{"start":{"line":195,"column":29},"end":{"line":195,"column":41}},"type":"binary-expr","locations":[{"start":{"line":195,"column":29},"end":{"line":195,"column":35}},{"start":{"line":195,"column":39},"end":{"line":195,"column":41}}],"line":195},"30":{"loc":{"start":{"line":197,"column":6},"end":{"line":197,"column":50}},"type":"if","locations":[{"start":{"line":197,"column":6},"end":{"line":197,"column":50}},{"start":{},"end":{}}],"line":197},"31":{"loc":{"start":{"line":228,"column":6},"end":{"line":228,"column":50}},"type":"if","locations":[{"start":{"line":228,"column":6},"end":{"line":228,"column":50}},{"start":{},"end":{}}],"line":228},"32":{"loc":{"start":{"line":263,"column":6},"end":{"line":263,"column":50}},"type":"if","locations":[{"start":{"line":263,"column":6},"end":{"line":263,"column":50}},{"start":{},"end":{}}],"line":263},"33":{"loc":{"start":{"line":282,"column":4},"end":{"line":285,"column":5}},"type":"if","locations":[{"start":{"line":282,"column":4},"end":{"line":285,"column":5}},{"start":{},"end":{}}],"line":282},"34":{"loc":{"start":{"line":295,"column":4},"end":{"line":297,"column":5}},"type":"if","locations":[{"start":{"line":295,"column":4},"end":{"line":297,"column":5}},{"start":{},"end":{}}],"line":295},"35":{"loc":{"start":{"line":302,"column":4},"end":{"line":304,"column":5}},"type":"if","locations":[{"start":{"line":302,"column":4},"end":{"line":304,"column":5}},{"start":{},"end":{}}],"line":302},"36":{"loc":{"start":{"line":309,"column":4},"end":{"line":311,"column":5}},"type":"if","locations":[{"start":{"line":309,"column":4},"end":{"line":311,"column":5}},{"start":{},"end":{}}],"line":309},"37":{"loc":{"start":{"line":326,"column":4},"end":{"line":328,"column":5}},"type":"if","locations":[{"start":{"line":326,"column":4},"end":{"line":328,"column":5}},{"start":{},"end":{}}],"line":326},"38":{"loc":{"start":{"line":340,"column":4},"end":{"line":342,"column":5}},"type":"if","locations":[{"start":{"line":340,"column":4},"end":{"line":342,"column":5}},{"start":{},"end":{}}],"line":340},"39":{"loc":{"start":{"line":357,"column":4},"end":{"line":359,"column":5}},"type":"if","locations":[{"start":{"line":357,"column":4},"end":{"line":359,"column":5}},{"start":{},"end":{}}],"line":357},"40":{"loc":{"start":{"line":376,"column":4},"end":{"line":378,"column":5}},"type":"if","locations":[{"start":{"line":376,"column":4},"end":{"line":378,"column":5}},{"start":{},"end":{}}],"line":376}},"s":{"0":2,"1":2,"2":0,"3":0,"4":0,"5":0,"6":0,"7":0,"8":2,"9":0,"10":0,"11":0,"12":0,"13":0,"14":0,"15":0,"16":0,"17":0,"18":0,"19":0,"20":0,"21":0,"22":0,"23":0,"24":0,"25":0,"26":0,"27":0,"28":0,"29":0,"30":0,"31":0,"32":0,"33":0,"34":0,"35":0,"36":0,"37":0,"38":0,"39":0,"40":0,"41":0,"42":0,"43":0,"44":0,"45":0,"46":0,"47":0,"48":0,"49":0,"50":0,"51":0,"52":0,"53":0,"54":0,"55":0,"56":0,"57":0,"58":0,"59":0,"60":0,"61":0,"62":0,"63":0,"64":0,"65":0,"66":0,"67":0,"68":0,"69":0,"70":2,"71":0,"72":0,"73":0,"74":0,"75":0,"76":0,"77":0,"78":0,"79":0,"80":0,"81":0,"82":0,"83":0,"84":0,"85":0,"86":0,"87":0,"88":0,"89":0,"90":0,"91":0,"92":0,"93":0,"94":0,"95":0,"96":0},"f":{"0":0,"1":0,"2":0,"3":0,"4":0,"5":0,"6":0,"7":0,"8":0,"9":0,"10":0,"11":0,"12":0,"13":0,"14":0,"15":0,"16":0},"b":{"0":[0,0],"1":[0,0],"2":[0,0],"3":[0,0],"4":[0,0],"5":[0,0],"6":[0,0],"7":[0,0],"8":[0,0],"9":[0,0],"10":[0,0],"11":[0,0],"12":[0,0],"13":[0,0],"14":[0,0],"15":[0,0],"16":[0,0],"17":[0,0],"18":[0,0],"19":[0,0],"20":[0,0],"21":[0,0],"22":[0,0],"23":[0,0],"24":[0],"25":[0,0],"26":[0,0],"27":[0,0],"28":[0,0],"29":[0,0],"30":[0,0],"31":[0,0],"32":[0,0],"33":[0,0],"34":[0,0],"35":[0,0],"36":[0,0],"37":[0,0],"38":[0,0],"39":[0,0],"40":[0,0]},"_coverageSchema":"1a1c01bbd47fc00a2c39e90264f33305004495a9","hash":"b9db60a987691a07cbcd157ba5cee69c4b6ed15a"}
}
