TN:
SF:components/paywall/PaywallRouter.tsx
FN:22,PaywallRouter
FN:77,(anonymous_1)
FN:97,(anonymous_2)
FN:108,(anonymous_3)
FN:123,(anonymous_4)
FN:154,(anonymous_5)
FN:157,(anonymous_6)
FN:160,(anonymous_7)
FN:164,(anonymous_8)
FN:168,(anonymous_9)
FN:194,(anonymous_10)
FN:208,(anonymous_11)
FN:215,(anonymous_12)
FN:219,(anonymous_13)
FNF:14
FNH:1
FNDA:21,PaywallRouter
FNDA:0,(anonymous_1)
FNDA:0,(anonymous_2)
FNDA:0,(anonymous_3)
FNDA:0,(anonymous_4)
FNDA:0,(anonymous_5)
FNDA:0,(anonymous_6)
FNDA:0,(anonymous_7)
FNDA:0,(anonymous_8)
FNDA:0,(anonymous_9)
FNDA:0,(anonymous_10)
FNDA:0,(anonymous_11)
FNDA:0,(anonymous_12)
FNDA:0,(anonymous_13)
DA:23,21
DA:24,21
DA:25,0
DA:28,0
DA:32,0
DA:34,0
DA:37,0
DA:38,0
DA:47,0
DA:48,0
DA:49,0
DA:55,0
DA:59,0
DA:60,0
DA:63,0
DA:64,0
DA:73,0
DA:78,0
DA:79,0
DA:81,0
DA:84,0
DA:86,0
DA:88,0
DA:90,0
DA:94,0
DA:97,0
DA:101,0
DA:102,0
DA:103,0
DA:105,0
DA:108,0
DA:111,0
DA:113,0
DA:116,0
DA:118,0
DA:120,0
DA:125,0
DA:132,0
DA:134,0
DA:138,0
DA:139,0
DA:144,0
DA:147,0
DA:148,0
DA:155,0
DA:158,0
DA:161,0
DA:162,0
DA:165,0
DA:166,0
DA:169,0
DA:177,0
DA:178,0
DA:183,0
DA:188,0
DA:189,0
DA:190,0
DA:195,0
DA:197,0
DA:199,0
DA:201,0
DA:202,0
DA:205,0
DA:208,0
DA:211,0
DA:212,0
DA:215,0
DA:220,0
DA:221,0
DA:228,0
DA:233,0
LF:71
LH:2
BRDA:32,0,0,0
BRDA:32,0,1,0
BRDA:32,1,0,0
BRDA:32,1,1,0
BRDA:37,2,0,0
BRDA:37,2,1,0
BRDA:47,3,0,0
BRDA:47,3,1,0
BRDA:47,4,0,0
BRDA:47,4,1,0
BRDA:48,5,0,0
BRDA:48,5,1,0
BRDA:59,6,0,0
BRDA:59,6,1,0
BRDA:63,7,0,0
BRDA:63,7,1,0
BRDA:88,8,0,0
BRDA:88,8,1,0
BRDA:101,9,0,0
BRDA:101,9,1,0
BRDA:132,10,0,0
BRDA:132,10,1,0
BRDA:132,10,2,0
BRDA:132,10,3,0
BRDA:138,11,0,0
BRDA:138,11,1,0
BRDA:177,12,0,0
BRDA:177,12,1,0
BRDA:188,13,0,0
BRDA:188,13,1,0
BRF:30
BRH:0
end_of_record
TN:
SF:components/paywall/RevenueCatPaywallUI.tsx
FN:29,RevenueCatPaywallUI
FN:60,(anonymous_1)
FN:64,(anonymous_2)
FN:68,(anonymous_3)
FN:76,(anonymous_4)
FN:79,(anonymous_5)
FN:95,(anonymous_6)
FN:156,(anonymous_7)
FN:163,(anonymous_8)
FN:208,(anonymous_9)
FN:300,(anonymous_10)
FN:328,getIntervalFromPackageType
FNF:12
FNH:0
FNDA:0,RevenueCatPaywallUI
FNDA:0,(anonymous_1)
FNDA:0,(anonymous_2)
FNDA:0,(anonymous_3)
FNDA:0,(anonymous_4)
FNDA:0,(anonymous_5)
FNDA:0,(anonymous_6)
FNDA:0,(anonymous_7)
FNDA:0,(anonymous_8)
FNDA:0,(anonymous_9)
FNDA:0,(anonymous_10)
FNDA:0,getIntervalFromPackageType
DA:41,0
DA:42,0
DA:54,0
DA:55,0
DA:56,0
DA:57,0
DA:60,0
DA:63,0
DA:65,0
DA:66,0
DA:69,0
DA:70,0
DA:71,0
DA:76,0
DA:77,0
DA:79,0
DA:80,0
DA:81,0
DA:83,0
DA:86,0
DA:88,0
DA:89,0
DA:92,0
DA:95,0
DA:106,0
DA:107,0
DA:109,0
DA:116,0
DA:120,0
DA:123,0
DA:125,0
DA:135,0
DA:136,0
DA:138,0
DA:141,0
DA:143,0
DA:152,0
DA:156,0
DA:157,0
DA:158,0
DA:159,0
DA:163,0
DA:164,0
DA:165,0
DA:166,0
DA:169,0
DA:170,0
DA:172,0
DA:177,0
DA:179,0
DA:181,0
DA:187,0
DA:188,0
DA:190,0
DA:191,0
DA:193,0
DA:199,0
DA:200,0
DA:208,0
DA:209,0
DA:211,0
DA:212,0
DA:214,0
DA:218,0
DA:220,0
DA:222,0
DA:227,0
DA:228,0
DA:230,0
DA:232,0
DA:240,0
DA:241,0
DA:252,0
DA:253,0
DA:255,0
DA:301,0
DA:314,0
DA:330,0
DA:331,0
DA:333,0
DA:334,0
DA:337,0
LF:82
LH:0
BRDA:41,0,0,0
BRDA:41,0,1,0
BRDA:65,1,0,0
BRDA:65,1,1,0
BRDA:77,2,0,0
BRDA:77,2,1,0
BRDA:86,3,0,0
BRDA:86,3,1,0
BRDA:88,4,0,0
BRDA:88,4,1,0
BRDA:100,5,0,0
BRDA:100,5,1,0
BRDA:116,6,0,0
BRDA:116,6,1,0
BRDA:116,6,2,0
BRDA:120,7,0,0
BRDA:120,7,1,0
BRDA:127,8,0,0
BRDA:127,8,1,0
BRDA:135,9,0,0
BRDA:135,9,1,0
BRDA:157,10,0,0
BRDA:157,10,1,0
BRDA:164,11,0,0
BRDA:164,11,1,0
BRDA:164,12,0,0
BRDA:164,12,1,0
BRDA:190,13,0,0
BRDA:190,13,1,0
BRDA:209,14,0,0
BRDA:209,14,1,0
BRDA:240,15,0,0
BRDA:240,15,1,0
BRDA:252,16,0,0
BRDA:252,16,1,0
BRDA:253,17,0,0
BRDA:253,17,1,0
BRDA:261,18,0,0
BRDA:261,18,1,0
BRDA:271,19,0,0
BRDA:271,19,1,0
BRDA:274,20,0,0
BRDA:274,20,1,0
BRDA:284,21,0,0
BRDA:284,21,1,0
BRDA:330,22,0,0
BRDA:330,22,1,0
BRDA:330,23,0,0
BRDA:330,23,1,0
BRDA:333,24,0,0
BRDA:333,24,1,0
BRF:51
BRH:0
end_of_record
TN:
SF:components/paywall/SuperwallPaywallUI.tsx
FN:18,SuperwallPaywallUI
FN:26,(anonymous_1)
FN:32,(anonymous_2)
FN:57,(anonymous_3)
FN:66,(anonymous_4)
FNF:5
FNH:0
FNDA:0,SuperwallPaywallUI
FNDA:0,(anonymous_1)
FNDA:0,(anonymous_2)
FNDA:0,(anonymous_3)
FNDA:0,(anonymous_4)
DA:23,0
DA:24,0
DA:26,0
DA:27,0
DA:28,0
DA:29,0
DA:32,0
DA:33,0
DA:36,0
DA:38,0
DA:39,0
DA:42,0
DA:45,0
DA:46,0
DA:50,0
DA:56,0
DA:57,0
DA:58,0
DA:59,0
DA:61,0
DA:66,0
DA:67,0
DA:68,0
DA:70,0
DA:77,0
DA:78,0
DA:80,0
DA:81,0
DA:84,0
DA:88,0
DA:91,0
DA:92,0
DA:99,0
DA:100,0
DA:108,0
DA:109,0
DA:123,0
LF:37
LH:0
BRDA:27,0,0,0
BRDA:27,0,1,0
BRDA:45,1,0,0
BRDA:45,1,1,0
BRDA:45,2,0,0
BRDA:45,2,1,0
BRDA:56,3,0,0
BRDA:56,3,1,0
BRDA:58,4,0,0
BRDA:58,4,1,0
BRDA:67,5,0,0
BRDA:67,5,1,0
BRDA:82,6,0,0
BRDA:82,6,1,0
BRDA:91,7,0,0
BRDA:91,7,1,0
BRDA:99,8,0,0
BRDA:99,8,1,0
BRDA:108,9,0,0
BRDA:108,9,1,0
BRF:20
BRH:0
end_of_record
TN:
SF:constants/flags.ts
FNF:0
FNH:0
DA:3,6
DA:4,6
DA:6,6
DA:10,6
DA:12,6
LF:5
LH:5
BRDA:7,0,0,6
BRDA:7,0,1,0
BRDA:7,0,2,0
BRF:3
BRH:1
end_of_record
TN:
SF:hooks/useLivePaywall.ts
FN:24,platformKey
FN:30,useLivePaywall
FN:39,(anonymous_2)
FN:54,(anonymous_3)
FN:61,(anonymous_4)
FN:133,(anonymous_5)
FN:135,(anonymous_6)
FN:143,(anonymous_7)
FN:149,(anonymous_8)
FN:150,(anonymous_9)
FN:158,(anonymous_10)
FN:162,(anonymous_11)
FN:168,(anonymous_12)
FN:174,(anonymous_13)
FN:176,(anonymous_14)
FN:180,(anonymous_15)
FN:186,(anonymous_16)
FNF:17
FNH:2
FNDA:20,platformKey
FNDA:20,useLivePaywall
FNDA:0,(anonymous_2)
FNDA:0,(anonymous_3)
FNDA:0,(anonymous_4)
FNDA:0,(anonymous_5)
FNDA:0,(anonymous_6)
FNDA:0,(anonymous_7)
FNDA:0,(anonymous_8)
FNDA:0,(anonymous_9)
FNDA:0,(anonymous_10)
FNDA:0,(anonymous_11)
FNDA:0,(anonymous_12)
FNDA:0,(anonymous_13)
FNDA:0,(anonymous_14)
FNDA:0,(anonymous_15)
FNDA:0,(anonymous_16)
DA:22,2
DA:25,20
DA:26,0
DA:27,0
DA:31,20
DA:32,0
DA:33,0
DA:34,0
DA:35,0
DA:37,0
DA:39,0
DA:40,0
DA:41,0
DA:42,0
DA:43,0
DA:45,0
DA:46,0
DA:48,0
DA:50,0
DA:54,0
DA:55,0
DA:56,0
DA:57,0
DA:61,0
DA:62,0
DA:63,0
DA:64,0
DA:67,0
DA:71,0
DA:73,0
DA:80,0
DA:81,0
DA:82,0
DA:84,0
DA:90,0
DA:92,0
DA:93,0
DA:95,0
DA:96,0
DA:97,0
DA:98,0
DA:100,0
DA:108,0
DA:109,0
DA:110,0
DA:111,0
DA:113,0
DA:122,0
DA:124,0
DA:129,0
DA:133,0
DA:134,0
DA:135,0
DA:136,0
DA:137,0
DA:138,0
DA:139,0
DA:141,0
DA:143,0
DA:144,0
DA:149,0
DA:150,0
DA:151,0
DA:152,0
DA:153,0
DA:154,0
DA:158,0
DA:162,0
DA:163,0
DA:164,0
DA:165,0
DA:166,0
DA:167,0
DA:168,0
DA:174,0
DA:175,0
DA:176,0
DA:177,0
DA:178,0
DA:179,0
DA:180,0
DA:186,0
LF:82
LH:3
BRDA:25,0,0,0
BRDA:25,0,1,0
BRDA:26,1,0,0
BRDA:26,1,1,0
BRDA:42,2,0,0
BRDA:42,2,1,0
BRDA:45,3,0,0
BRDA:45,3,1,0
BRDA:61,4,0,0
BRDA:62,5,0,0
BRDA:62,5,1,0
BRDA:71,6,0,0
BRDA:71,6,1,0
BRDA:92,7,0,0
BRDA:92,7,1,0
BRDA:108,8,0,0
BRDA:108,8,1,0
BRDA:110,9,0,0
BRDA:110,9,1,0
BRDA:122,10,0,0
BRDA:122,10,1,0
BRDA:126,11,0,0
BRDA:126,11,1,0
BRDA:129,12,0,0
BRDA:129,12,1,0
BRDA:137,13,0,0
BRDA:137,13,1,0
BRDA:137,14,0,0
BRDA:137,14,1,0
BRDA:151,15,0,0
BRDA:151,15,1,0
BRDA:153,16,0,0
BRDA:153,16,1,0
BRDA:163,17,0,0
BRDA:163,17,1,0
BRDA:167,18,0,0
BRDA:167,18,1,0
BRDA:167,19,0,0
BRDA:167,19,1,0
BRDA:167,19,2,0
BRDA:168,20,0,0
BRDA:168,20,1,0
BRDA:175,21,0,0
BRDA:175,21,1,0
BRDA:179,22,0,0
BRDA:179,22,1,0
BRDA:179,23,0,0
BRDA:179,23,1,0
BRDA:179,23,2,0
BRDA:180,24,0,0
BRDA:180,24,1,0
BRF:51
BRH:0
end_of_record
TN:
SF:hooks/useSubscriptionBilling.ts
FN:26,useSubscription
FN:29,(anonymous_1)
FN:53,useStartCheckout
FN:55,(anonymous_3)
FN:67,(anonymous_4)
FN:73,(anonymous_5)
FN:85,useOpenBillingPortal
FN:87,(anonymous_7)
FN:94,(anonymous_8)
FN:100,(anonymous_9)
FN:112,useCancelSubscription
FN:116,(anonymous_11)
FN:124,(anonymous_12)
FN:130,(anonymous_13)
FN:147,useLinkAppleReceipt
FN:151,(anonymous_15)
FN:159,(anonymous_16)
FN:165,(anonymous_17)
FN:175,useLinkGooglePurchase
FN:179,(anonymous_19)
FN:191,(anonymous_20)
FN:197,(anonymous_21)
FN:207,useFeatureAccess
FNF:23
FNH:6
FNDA:12,useSubscription
FNDA:0,(anonymous_1)
FNDA:12,useStartCheckout
FNDA:0,(anonymous_3)
FNDA:0,(anonymous_4)
FNDA:0,(anonymous_5)
FNDA:12,useOpenBillingPortal
FNDA:0,(anonymous_7)
FNDA:0,(anonymous_8)
FNDA:0,(anonymous_9)
FNDA:12,useCancelSubscription
FNDA:0,(anonymous_11)
FNDA:0,(anonymous_12)
FNDA:0,(anonymous_13)
FNDA:12,useLinkAppleReceipt
FNDA:0,(anonymous_15)
FNDA:0,(anonymous_16)
FNDA:0,(anonymous_17)
FNDA:12,useLinkGooglePurchase
FNDA:0,(anonymous_19)
FNDA:0,(anonymous_20)
FNDA:0,(anonymous_21)
FNDA:0,useFeatureAccess
DA:27,12
DA:42,0
DA:54,12
DA:56,0
DA:66,0
DA:67,0
DA:68,0
DA:71,0
DA:75,0
DA:76,0
DA:86,12
DA:88,0
DA:93,0
DA:94,0
DA:95,0
DA:98,0
DA:102,0
DA:103,0
DA:113,12
DA:115,12
DA:117,0
DA:123,0
DA:124,0
DA:125,0
DA:128,0
DA:132,0
DA:133,0
DA:134,0
DA:139,0
DA:148,12
DA:150,12
DA:152,0
DA:158,0
DA:159,0
DA:160,0
DA:163,0
DA:167,0
DA:176,12
DA:178,12
DA:180,0
DA:190,0
DA:191,0
DA:192,0
DA:195,0
DA:199,0
DA:208,0
DA:210,0
LF:47
LH:9
BRDA:66,0,0,0
BRDA:66,0,1,0
BRDA:68,1,0,0
BRDA:68,1,1,0
BRDA:75,2,0,0
BRDA:75,2,1,0
BRDA:93,3,0,0
BRDA:93,3,1,0
BRDA:95,4,0,0
BRDA:95,4,1,0
BRDA:102,5,0,0
BRDA:102,5,1,0
BRDA:119,6,0,0
BRDA:119,6,1,0
BRDA:123,7,0,0
BRDA:123,7,1,0
BRDA:125,8,0,0
BRDA:125,8,1,0
BRDA:132,9,0,0
BRDA:132,9,1,0
BRDA:132,10,0,0
BRDA:132,10,1,0
BRDA:133,11,0,0
BRDA:133,11,1,0
BRDA:158,12,0,0
BRDA:158,12,1,0
BRDA:160,13,0,0
BRDA:160,13,1,0
BRDA:190,14,0,0
BRDA:190,14,1,0
BRDA:192,15,0,0
BRDA:192,15,1,0
BRDA:211,16,0,0
BRDA:211,16,1,0
BRDA:212,17,0,0
BRDA:212,17,1,0
BRDA:213,18,0,0
BRDA:213,18,1,0
BRDA:214,19,0,0
BRDA:214,19,1,0
BRDA:215,20,0,0
BRDA:215,20,1,0
BRDA:217,21,0,0
BRDA:217,21,1,0
BRF:44
BRH:0
end_of_record
TN:
SF:lib/api.ts
FN:8,backendBase
FN:58,authHeader
FN:92,(anonymous_2)
FN:151,clearSessionCache
FN:167,apiFetch
FN:247,(anonymous_5)
FN:256,(anonymous_6)
FN:320,(anonymous_7)
FN:349,(anonymous_8)
FN:395,apiGet
FN:404,apiPost
FN:421,apiPatch
FN:438,apiDelete
FNF:13
FNH:0
FNDA:0,backendBase
FNDA:0,authHeader
FNDA:0,(anonymous_2)
FNDA:0,clearSessionCache
FNDA:0,apiFetch
FNDA:0,(anonymous_5)
FNDA:0,(anonymous_6)
FNDA:0,(anonymous_7)
FNDA:0,(anonymous_8)
FNDA:0,apiGet
FNDA:0,apiPost
FNDA:0,apiPatch
FNDA:0,apiDelete
DA:11,0
DA:20,0
DA:21,0
DA:22,0
DA:25,0
DA:28,0
DA:29,0
DA:30,0
DA:32,0
DA:37,0
DA:38,0
DA:41,0
DA:42,0
DA:43,0
DA:46,0
DA:48,5
DA:51,5
DA:52,5
DA:53,5
DA:54,5
DA:59,0
DA:60,0
DA:62,0
DA:63,0
DA:65,0
DA:66,0
DA:67,0
DA:68,0
DA:69,0
DA:72,0
DA:73,0
DA:74,0
DA:75,0
DA:79,0
DA:80,0
DA:81,0
DA:83,0
DA:84,0
DA:85,0
DA:86,0
DA:89,0
DA:91,0
DA:92,0
DA:93,0
DA:94,0
DA:95,0
DA:96,0
DA:97,0
DA:98,0
DA:100,0
DA:101,0
DA:102,0
DA:104,0
DA:105,0
DA:106,0
DA:107,0
DA:108,0
DA:110,0
DA:111,0
DA:113,0
DA:114,0
DA:115,0
DA:118,0
DA:123,0
DA:124,0
DA:125,0
DA:127,0
DA:128,0
DA:132,0
DA:133,0
DA:135,0
DA:136,0
DA:137,0
DA:138,0
DA:142,0
DA:144,0
DA:145,0
DA:147,0
DA:152,0
DA:153,0
DA:154,0
DA:155,0
DA:161,5
DA:162,5
DA:163,5
DA:168,0
DA:169,0
DA:170,0
DA:171,0
DA:172,0
DA:175,0
DA:178,0
DA:179,0
DA:184,0
DA:185,0
DA:186,0
DA:193,0
DA:194,0
DA:195,0
DA:196,0
DA:197,0
DA:198,0
DA:200,0
DA:201,0
DA:202,0
DA:203,0
DA:204,0
DA:206,0
DA:209,0
DA:210,0
DA:211,0
DA:212,0
DA:215,0
DA:217,0
DA:218,0
DA:219,0
DA:221,0
DA:222,0
DA:223,0
DA:228,0
DA:231,0
DA:232,0
DA:233,0
DA:234,0
DA:235,0
DA:237,0
DA:243,0
DA:244,0
DA:245,0
DA:247,0
DA:252,0
DA:255,0
DA:256,0
DA:258,0
DA:259,0
DA:260,0
DA:261,0
DA:264,0
DA:265,0
DA:268,0
DA:269,0
DA:270,0
DA:271,0
DA:273,0
DA:274,0
DA:275,0
DA:276,0
DA:277,0
DA:280,0
DA:281,0
DA:282,0
DA:283,0
DA:284,0
DA:285,0
DA:286,0
DA:287,0
DA:288,0
DA:294,0
DA:297,0
DA:300,0
DA:303,0
DA:304,0
DA:305,0
DA:309,0
DA:310,0
DA:312,0
DA:314,0
DA:315,0
DA:318,0
DA:319,0
DA:320,0
DA:321,0
DA:322,0
DA:323,0
DA:324,0
DA:325,0
DA:326,0
DA:327,0
DA:329,0
DA:330,0
DA:331,0
DA:333,0
DA:334,0
DA:336,0
DA:337,0
DA:338,0
DA:340,0
DA:345,0
DA:346,0
DA:347,0
DA:349,0
DA:350,0
DA:352,0
DA:356,0
DA:361,0
DA:363,0
DA:364,0
DA:367,0
DA:370,0
DA:371,0
DA:372,0
DA:373,0
DA:374,0
DA:375,0
DA:378,0
DA:379,0
DA:381,0
DA:382,0
DA:383,0
DA:384,0
DA:385,0
DA:388,0
DA:389,0
DA:391,0
DA:396,0
DA:397,0
DA:398,0
DA:399,0
DA:401,0
DA:409,0
DA:414,0
DA:415,0
DA:416,0
DA:418,0
DA:426,0
DA:431,0
DA:432,0
DA:433,0
DA:435,0
DA:439,0
DA:440,0
DA:441,0
DA:442,0
DA:444,0
LF:234
LH:8
BRDA:11,0,0,0
BRDA:11,0,1,0
BRDA:11,0,2,0
BRDA:11,0,3,0
BRDA:11,0,4,0
BRDA:20,1,0,0
BRDA:20,1,1,0
BRDA:20,2,0,0
BRDA:20,2,1,0
BRDA:28,3,0,0
BRDA:28,3,1,0
BRDA:32,4,0,0
BRDA:32,4,1,0
BRDA:33,5,0,0
BRDA:33,5,1,0
BRDA:34,6,0,0
BRDA:34,6,1,0
BRDA:35,7,0,0
BRDA:35,7,1,0
BRDA:41,8,0,0
BRDA:41,8,1,0
BRDA:41,9,0,0
BRDA:41,9,1,0
BRDA:60,10,0,0
BRDA:60,10,1,0
BRDA:60,11,0,0
BRDA:60,11,1,0
BRDA:65,12,0,0
BRDA:65,12,1,0
BRDA:65,13,0,0
BRDA:65,13,1,0
BRDA:72,14,0,0
BRDA:72,14,1,0
BRDA:79,15,0,0
BRDA:79,15,1,0
BRDA:83,16,0,0
BRDA:83,16,1,0
BRDA:85,17,0,0
BRDA:85,17,1,0
BRDA:89,18,0,0
BRDA:89,18,1,0
BRDA:89,19,0,0
BRDA:89,19,1,0
BRDA:91,20,0,0
BRDA:91,20,1,0
BRDA:96,21,0,0
BRDA:96,21,1,0
BRDA:104,22,0,0
BRDA:104,22,1,0
BRDA:111,23,0,0
BRDA:111,23,1,0
BRDA:115,24,0,0
BRDA:115,24,1,0
BRDA:124,25,0,0
BRDA:124,25,1,0
BRDA:133,26,0,0
BRDA:133,26,1,0
BRDA:167,27,0,0
BRDA:167,28,0,0
BRDA:169,29,0,0
BRDA:169,29,1,0
BRDA:170,30,0,0
BRDA:170,30,1,0
BRDA:172,31,0,0
BRDA:172,31,1,0
BRDA:175,32,0,0
BRDA:175,32,1,0
BRDA:180,33,0,0
BRDA:180,33,1,0
BRDA:181,34,0,0
BRDA:181,34,1,0
BRDA:184,35,0,0
BRDA:184,35,1,0
BRDA:184,36,0,0
BRDA:184,36,1,0
BRDA:195,37,0,0
BRDA:195,37,1,0
BRDA:197,38,0,0
BRDA:197,38,1,0
BRDA:204,39,0,0
BRDA:204,39,1,0
BRDA:210,40,0,0
BRDA:210,40,1,0
BRDA:212,41,0,0
BRDA:212,41,1,0
BRDA:218,42,0,0
BRDA:218,42,1,0
BRDA:232,43,0,0
BRDA:232,43,1,0
BRDA:232,44,0,0
BRDA:232,44,1,0
BRDA:234,45,0,0
BRDA:234,45,1,0
BRDA:234,46,0,0
BRDA:234,46,1,0
BRDA:244,47,0,0
BRDA:244,47,1,0
BRDA:264,48,0,0
BRDA:264,48,1,0
BRDA:264,49,0,0
BRDA:264,49,1,0
BRDA:284,50,0,0
BRDA:284,50,1,0
BRDA:303,51,0,0
BRDA:303,51,1,0
BRDA:303,52,0,0
BRDA:303,52,1,0
BRDA:303,52,2,0
BRDA:309,53,0,0
BRDA:309,53,1,0
BRDA:309,54,0,0
BRDA:309,54,1,0
BRDA:309,54,2,0
BRDA:318,55,0,0
BRDA:318,55,1,0
BRDA:318,56,0,0
BRDA:318,56,1,0
BRDA:319,57,0,0
BRDA:319,57,1,0
BRDA:324,58,0,0
BRDA:324,58,1,0
BRDA:329,59,0,0
BRDA:329,59,1,0
BRDA:334,60,0,0
BRDA:334,60,1,0
BRDA:338,61,0,0
BRDA:338,61,1,0
BRDA:346,62,0,0
BRDA:346,62,1,0
BRDA:370,63,0,0
BRDA:370,63,1,0
BRDA:381,64,0,0
BRDA:381,64,1,0
BRDA:382,65,0,0
BRDA:382,65,1,0
BRDA:383,66,0,0
BRDA:383,66,1,0
BRDA:384,67,0,0
BRDA:384,67,1,0
BRDA:388,68,0,0
BRDA:388,68,1,0
BRDA:388,69,0,0
BRDA:388,69,1,0
BRDA:397,70,0,0
BRDA:397,70,1,0
BRDA:412,71,0,0
BRDA:412,71,1,0
BRDA:414,72,0,0
BRDA:414,72,1,0
BRDA:429,73,0,0
BRDA:429,73,1,0
BRDA:431,74,0,0
BRDA:431,74,1,0
BRDA:440,75,0,0
BRDA:440,75,1,0
BRF:155
BRH:0
end_of_record
TN:
SF:lib/debounce.ts
FN:1,debounce
FN:3,(anonymous_1)
FN:5,(anonymous_2)
FNF:3
FNH:3
FNDA:6,debounce
FNDA:10,(anonymous_1)
FNDA:6,(anonymous_2)
DA:3,6
DA:4,10
DA:5,10
LF:3
LH:3
BRDA:1,0,0,1
BRF:1
BRH:1
end_of_record
TN:
SF:lib/imageUpload.ts
FN:20,setQueryClientForImageUpload
FN:24,uploadContactAvatar
FN:46,uploadContactAvatarToApi
FN:144,deleteContactAvatar
FN:170,getAvatarInitials
FN:177,getAvatarColor
FN:183,(anonymous_6)
FN:190,getWarmthColor
FN:202,getWarmthColorFromScore
FN:209,getWarmthColorFromBand
FNF:10
FNH:0
FNDA:0,setQueryClientForImageUpload
FNDA:0,uploadContactAvatar
FNDA:0,uploadContactAvatarToApi
FNDA:0,deleteContactAvatar
FNDA:0,getAvatarInitials
FNDA:0,getAvatarColor
FNDA:0,(anonymous_6)
FNDA:0,getWarmthColor
FNDA:0,getWarmthColorFromScore
FNDA:0,getWarmthColorFromBand
DA:14,1
DA:21,0
DA:28,0
DA:29,0
DA:30,0
DA:33,0
DA:50,0
DA:51,0
DA:53,0
DA:54,0
DA:56,0
DA:57,0
DA:58,0
DA:61,0
DA:63,0
DA:65,0
DA:66,0
DA:67,0
DA:71,0
DA:79,0
DA:89,0
DA:90,0
DA:91,0
DA:92,0
DA:95,0
DA:96,0
DA:98,0
DA:99,0
DA:100,0
DA:103,0
DA:106,0
DA:111,0
DA:112,0
DA:115,0
DA:120,0
DA:125,0
DA:130,0
DA:134,0
DA:137,0
DA:139,0
DA:140,0
DA:145,0
DA:146,0
DA:147,0
DA:150,0
DA:151,0
DA:153,0
DA:157,0
DA:158,0
DA:159,0
DA:162,0
DA:163,0
DA:165,0
DA:166,0
DA:171,0
DA:172,0
DA:173,0
DA:174,0
DA:178,0
DA:183,0
DA:184,0
DA:187,0
DA:191,0
DA:192,0
DA:195,0
DA:196,0
DA:199,0
DA:203,0
DA:204,0
DA:205,0
DA:206,0
DA:210,0
DA:211,0
DA:213,0
DA:215,0
DA:219,0
DA:221,0
DA:223,0
LF:78
LH:1
BRDA:28,0,0,0
BRDA:28,0,1,0
BRDA:56,1,0,0
BRDA:56,1,1,0
BRDA:58,2,0,0
BRDA:58,2,1,0
BRDA:63,3,0,0
BRDA:63,3,1,0
BRDA:83,4,0,0
BRDA:83,4,1,0
BRDA:89,5,0,0
BRDA:89,5,1,0
BRDA:96,6,0,0
BRDA:96,6,1,0
BRDA:96,6,2,0
BRDA:98,7,0,0
BRDA:98,7,1,0
BRDA:106,8,0,0
BRDA:106,8,1,0
BRDA:107,9,0,0
BRDA:107,9,1,0
BRDA:111,10,0,0
BRDA:111,10,1,0
BRDA:145,11,0,0
BRDA:145,11,1,0
BRDA:145,12,0,0
BRDA:145,12,1,0
BRDA:157,13,0,0
BRDA:157,13,1,0
BRDA:172,14,0,0
BRDA:172,14,1,0
BRDA:173,15,0,0
BRDA:173,15,1,0
BRDA:173,16,0,0
BRDA:173,16,1,0
BRDA:191,17,0,0
BRDA:191,17,1,0
BRDA:195,18,0,0
BRDA:195,18,1,0
BRDA:203,19,0,0
BRDA:203,19,1,0
BRDA:204,20,0,0
BRDA:204,20,1,0
BRDA:205,21,0,0
BRDA:205,21,1,0
BRDA:211,22,0,0
BRDA:211,22,1,0
BRDA:211,22,2,0
BRDA:211,22,3,0
BRDA:211,22,4,0
BRDA:211,22,5,0
BRDA:211,22,6,0
BRF:52
BRH:0
end_of_record
TN:
SF:lib/navigation.ts
FN:8,(anonymous_0)
FN:26,(anonymous_1)
FN:29,(anonymous_2)
FN:32,(anonymous_3)
FN:35,(anonymous_4)
FN:42,(anonymous_5)
FN:45,(anonymous_6)
FN:49,(anonymous_7)
FN:53,(anonymous_8)
FN:60,(anonymous_9)
FN:63,(anonymous_10)
FN:66,(anonymous_11)
FN:69,(anonymous_12)
FN:73,(anonymous_13)
FN:76,(anonymous_14)
FN:79,(anonymous_15)
FN:82,(anonymous_16)
FN:85,(anonymous_17)
FN:88,(anonymous_18)
FN:91,(anonymous_19)
FN:94,(anonymous_20)
FN:97,(anonymous_21)
FN:100,(anonymous_22)
FN:103,(anonymous_23)
FN:106,(anonymous_24)
FN:109,(anonymous_25)
FN:118,safeGoBack
FNF:27
FNH:0
FNDA:0,(anonymous_0)
FNDA:0,(anonymous_1)
FNDA:0,(anonymous_2)
FNDA:0,(anonymous_3)
FNDA:0,(anonymous_4)
FNDA:0,(anonymous_5)
FNDA:0,(anonymous_6)
FNDA:0,(anonymous_7)
FNDA:0,(anonymous_8)
FNDA:0,(anonymous_9)
FNDA:0,(anonymous_10)
FNDA:0,(anonymous_11)
FNDA:0,(anonymous_12)
FNDA:0,(anonymous_13)
FNDA:0,(anonymous_14)
FNDA:0,(anonymous_15)
FNDA:0,(anonymous_16)
FNDA:0,(anonymous_17)
FNDA:0,(anonymous_18)
FNDA:0,(anonymous_19)
FNDA:0,(anonymous_20)
FNDA:0,(anonymous_21)
FNDA:0,(anonymous_22)
FNDA:0,(anonymous_23)
FNDA:0,(anonymous_24)
FNDA:0,(anonymous_25)
FNDA:0,safeGoBack
DA:7,1
DA:9,0
DA:10,0
DA:11,0
DA:12,0
DA:13,0
DA:16,0
DA:17,0
DA:18,0
DA:19,0
DA:20,0
DA:24,0
DA:27,0
DA:30,0
DA:33,0
DA:36,0
DA:37,0
DA:39,0
DA:43,0
DA:46,0
DA:47,0
DA:50,0
DA:51,0
DA:54,0
DA:55,0
DA:57,0
DA:61,0
DA:64,0
DA:67,0
DA:70,0
DA:71,0
DA:74,0
DA:77,0
DA:80,0
DA:83,0
DA:86,0
DA:89,0
DA:92,0
DA:95,0
DA:98,0
DA:101,0
DA:104,0
DA:107,0
DA:110,0
DA:119,0
DA:121,0
DA:122,0
DA:125,0
DA:129,0
DA:130,0
LF:50
LH:1
BRDA:10,0,0,0
BRDA:10,0,1,0
BRDA:11,1,0,0
BRDA:11,1,1,0
BRDA:16,2,0,0
BRDA:16,2,1,0
BRDA:16,3,0,0
BRDA:16,3,1,0
BRDA:18,4,0,0
BRDA:18,4,1,0
BRDA:24,5,0,0
BRDA:24,5,1,0
BRDA:36,6,0,0
BRDA:36,6,1,0
BRDA:46,7,0,0
BRDA:46,7,1,0
BRDA:50,8,0,0
BRDA:50,8,1,0
BRDA:54,9,0,0
BRDA:54,9,1,0
BRDA:60,10,0,0
BRDA:118,11,0,0
BRDA:121,12,0,0
BRDA:121,12,1,0
BRDA:121,13,0,0
BRDA:121,13,1,0
BRF:26
BRH:0
end_of_record
TN:
SF:lib/supabase.ts
FN:8,(anonymous_0)
FN:26,(anonymous_1)
FN:35,(anonymous_2)
FN:45,(anonymous_3)
FN:68,(anonymous_4)
FN:83,getCurrentUser
FN:89,signInAnonymously
FN:96,signOut
FN:103,getMyPeople
FN:134,getPersonById
FN:147,getMyPendingInsights
FN:163,getMyInteractions
FN:181,subscribeToInsights
FN:182,(anonymous_13)
FN:193,subscribeToPeople
FN:194,(anonymous_15)
FNF:16
FNH:3
FNDA:15,(anonymous_0)
FNDA:0,(anonymous_1)
FNDA:0,(anonymous_2)
FNDA:5,(anonymous_3)
FNDA:5,(anonymous_4)
FNDA:0,getCurrentUser
FNDA:0,signInAnonymously
FNDA:0,signOut
FNDA:0,getMyPeople
FNDA:0,getPersonById
FNDA:0,getMyPendingInsights
FNDA:0,getMyInteractions
FNDA:0,subscribeToInsights
FNDA:0,(anonymous_13)
FNDA:0,subscribeToPeople
FNDA:0,(anonymous_15)
DA:7,5
DA:9,15
DA:10,15
DA:11,15
DA:13,0
DA:14,0
DA:15,0
DA:17,0
DA:18,0
DA:19,0
DA:22,0
DA:23,0
DA:27,0
DA:28,0
DA:29,0
DA:31,0
DA:32,0
DA:36,0
DA:37,0
DA:39,0
DA:45,5
DA:46,5
DA:47,5
DA:49,5
DA:51,5
DA:63,5
DA:64,5
DA:67,5
DA:68,5
DA:69,5
DA:70,0
DA:71,0
DA:72,5
DA:73,0
DA:74,5
DA:75,0
DA:76,5
DA:77,0
DA:84,0
DA:85,0
DA:86,0
DA:90,0
DA:91,0
DA:92,0
DA:93,0
DA:97,0
DA:98,0
DA:99,0
DA:107,0
DA:109,0
DA:114,0
DA:115,0
DA:121,0
DA:122,0
DA:125,0
DA:126,0
DA:129,0
DA:130,0
DA:131,0
DA:135,0
DA:137,0
DA:143,0
DA:144,0
DA:148,0
DA:150,0
DA:159,0
DA:160,0
DA:164,0
DA:166,0
DA:171,0
DA:172,0
DA:175,0
DA:176,0
DA:177,0
DA:182,0
DA:184,0
DA:194,0
DA:196,0
LF:78
LH:17
BRDA:11,0,0,15
BRDA:11,0,1,0
BRDA:63,1,0,0
BRDA:63,1,1,5
BRDA:67,2,0,5
BRDA:67,2,1,0
BRDA:69,3,0,0
BRDA:69,3,1,5
BRDA:71,4,0,0
BRDA:71,4,1,0
BRDA:72,5,0,0
BRDA:72,5,1,5
BRDA:74,6,0,0
BRDA:74,6,1,5
BRDA:76,7,0,0
BRDA:76,7,1,5
BRDA:84,8,0,0
BRDA:84,8,1,0
BRDA:84,9,0,0
BRDA:84,9,1,0
BRDA:90,10,0,0
BRDA:90,10,1,0
BRDA:90,11,0,0
BRDA:90,11,1,0
BRDA:92,12,0,0
BRDA:92,12,1,0
BRDA:97,13,0,0
BRDA:97,13,1,0
BRDA:97,14,0,0
BRDA:97,14,1,0
BRDA:99,15,0,0
BRDA:99,15,1,0
BRDA:103,16,0,0
BRDA:107,17,0,0
BRDA:107,17,1,0
BRDA:107,18,0,0
BRDA:107,18,1,0
BRDA:114,19,0,0
BRDA:114,19,1,0
BRDA:125,20,0,0
BRDA:125,20,1,0
BRDA:130,21,0,0
BRDA:130,21,1,0
BRDA:131,22,0,0
BRDA:131,22,1,0
BRDA:135,23,0,0
BRDA:135,23,1,0
BRDA:135,24,0,0
BRDA:135,24,1,0
BRDA:143,25,0,0
BRDA:143,25,1,0
BRDA:148,26,0,0
BRDA:148,26,1,0
BRDA:148,27,0,0
BRDA:148,27,1,0
BRDA:159,28,0,0
BRDA:159,28,1,0
BRDA:160,29,0,0
BRDA:160,29,1,0
BRDA:164,30,0,0
BRDA:164,30,1,0
BRDA:164,31,0,0
BRDA:164,31,1,0
BRDA:171,32,0,0
BRDA:171,32,1,0
BRDA:176,33,0,0
BRDA:176,33,1,0
BRDA:177,34,0,0
BRDA:177,34,1,0
BRDA:182,35,0,0
BRDA:182,35,1,0
BRDA:182,36,0,0
BRDA:182,36,1,0
BRDA:194,37,0,0
BRDA:194,37,1,0
BRDA:194,38,0,0
BRDA:194,38,1,0
BRF:77
BRH:7
end_of_record
TN:
SF:lib/tone.ts
FN:9,(anonymous_0)
FN:11,smartTrim
FN:12,sentenceCase
FN:12,(anonymous_3)
FN:14,applyContractions
FN:21,expandContractions
FN:28,preserveCasing
FN:32,addWarmth
FN:48,endsWithQuestionOrCTA
FN:69,(anonymous_9)
FN:77,makeDirect
FN:90,professionalPolish
FN:100,casualize
FN:109,rewriteTone
FNF:14
FNH:14
FNDA:18,(anonymous_0)
FNDA:72,smartTrim
FNDA:29,sentenceCase
FNDA:30,(anonymous_3)
FNDA:13,applyContractions
FNDA:11,expandContractions
FNDA:24,preserveCasing
FNDA:5,addWarmth
FNDA:4,endsWithQuestionOrCTA
FNDA:42,(anonymous_9)
FNDA:5,makeDirect
FNDA:6,professionalPolish
FNDA:8,casualize
FNDA:24,rewriteTone
DA:3,1
DA:9,18
DA:11,72
DA:12,30
DA:15,13
DA:16,13
DA:17,234
DA:19,13
DA:22,11
DA:23,11
DA:24,187
DA:26,11
DA:29,24
DA:33,5
DA:35,5
DA:36,1
DA:39,4
DA:40,2
DA:43,2
DA:44,2
DA:45,2
DA:49,4
DA:51,4
DA:53,3
DA:69,42
DA:73,3
DA:74,3
DA:78,5
DA:83,5
DA:84,5
DA:85,4
DA:87,5
DA:91,6
DA:92,6
DA:93,6
DA:94,6
DA:95,5
DA:97,6
DA:101,8
DA:102,8
DA:103,8
DA:104,8
DA:106,8
DA:110,24
DA:111,24
DA:112,8
DA:113,6
DA:114,5
DA:115,5
DA:117,24
DA:120,1
LF:51
LH:51
BRDA:35,0,0,1
BRDA:35,0,1,4
BRDA:39,1,0,2
BRDA:39,1,1,2
BRDA:51,2,0,1
BRDA:51,2,1,3
BRDA:84,3,0,4
BRDA:84,3,1,1
BRDA:84,4,0,5
BRDA:84,4,1,4
BRDA:94,5,0,5
BRDA:94,5,1,1
BRDA:111,6,0,8
BRDA:111,6,1,6
BRDA:111,6,2,5
BRDA:111,6,3,5
BRF:16
BRH:16
end_of_record
TN:
SF:lib/warmth-utils.ts
FN:4,calculateWarmth
FN:15,getWarmthColor
FN:22,getWarmthLabel
FNF:3
FNH:3
FNDA:3,calculateWarmth
FNDA:4,getWarmthColor
FNDA:4,getWarmthLabel
DA:5,3
DA:7,2
DA:11,2
DA:12,2
DA:16,4
DA:17,3
DA:18,2
DA:19,1
DA:23,4
DA:24,3
DA:25,2
DA:26,1
LF:12
LH:12
BRDA:5,0,0,1
BRDA:5,0,1,2
BRDA:16,1,0,1
BRDA:16,1,1,3
BRDA:17,2,0,1
BRDA:17,2,1,2
BRDA:18,3,0,1
BRDA:18,3,1,1
BRDA:23,4,0,1
BRDA:23,4,1,3
BRDA:24,5,0,1
BRDA:24,5,1,2
BRDA:25,6,0,1
BRDA:25,6,1,1
BRF:14
BRH:14
end_of_record
TN:
SF:lib/warmthColors.ts
FN:8,getWarmthColor
FN:24,getWarmthColorScheme
FN:65,getWarmthLabel
FN:114,getWarmthColorInterpolated
FNF:4
FNH:4
FNDA:17,getWarmthColor
FNDA:4,getWarmthColorScheme
FNDA:12,getWarmthLabel
FNDA:9,getWarmthColorInterpolated
DA:9,17
DA:11,17
DA:12,4
DA:13,13
DA:14,3
DA:15,10
DA:16,3
DA:17,7
DA:18,3
DA:20,4
DA:25,4
DA:27,4
DA:28,1
DA:34,3
DA:35,0
DA:41,3
DA:42,2
DA:48,1
DA:49,0
DA:56,1
DA:66,12
DA:68,12
DA:69,3
DA:70,9
DA:71,2
DA:72,7
DA:73,2
DA:74,5
DA:75,2
DA:77,3
DA:81,1
DA:115,9
DA:117,9
DA:118,9
DA:119,9
DA:123,9
DA:124,6
DA:125,6
DA:126,6
DA:127,6
DA:129,3
DA:130,3
DA:131,3
DA:132,3
DA:135,9
LF:45
LH:43
BRDA:11,0,0,4
BRDA:11,0,1,13
BRDA:13,1,0,3
BRDA:13,1,1,10
BRDA:15,2,0,3
BRDA:15,2,1,7
BRDA:17,3,0,3
BRDA:17,3,1,4
BRDA:27,4,0,1
BRDA:27,4,1,3
BRDA:34,5,0,0
BRDA:34,5,1,3
BRDA:41,6,0,2
BRDA:41,6,1,1
BRDA:48,7,0,0
BRDA:48,7,1,1
BRDA:68,8,0,3
BRDA:68,8,1,9
BRDA:70,9,0,2
BRDA:70,9,1,7
BRDA:72,10,0,2
BRDA:72,10,1,5
BRDA:74,11,0,2
BRDA:74,11,1,3
BRDA:123,12,0,6
BRDA:123,12,1,3
BRF:26
BRH:24
end_of_record
TN:
SF:providers/SubscriptionProvider.tsx
FN:82,(anonymous_0)
FN:92,(anonymous_1)
FN:103,(anonymous_2)
FN:137,(anonymous_3)
FN:177,(anonymous_4)
FN:324,(anonymous_5)
FN:332,(anonymous_6)
FN:337,(anonymous_7)
FN:361,(anonymous_8)
FN:368,(anonymous_9)
FN:387,(anonymous_10)
FN:390,(anonymous_11)
FN:396,(anonymous_12)
FN:399,(anonymous_13)
FN:400,(anonymous_14)
FN:406,(anonymous_15)
FN:420,(anonymous_16)
FN:426,(anonymous_17)
FN:437,(anonymous_18)
FN:448,(anonymous_19)
FN:461,(anonymous_20)
FN:488,(anonymous_21)
FN:498,(anonymous_22)
FN:513,(anonymous_23)
FN:549,(anonymous_24)
FN:554,(anonymous_25)
FN:590,(anonymous_26)
FN:591,(anonymous_27)
FN:592,(anonymous_28)
FN:593,(anonymous_29)
FN:596,(anonymous_30)
FN:599,(anonymous_31)
FN:628,(anonymous_32)
FNF:33
FNH:6
FNDA:44,(anonymous_0)
FNDA:0,(anonymous_1)
FNDA:12,(anonymous_2)
FNDA:12,(anonymous_3)
FNDA:0,(anonymous_4)
FNDA:12,(anonymous_5)
FNDA:12,(anonymous_6)
FNDA:0,(anonymous_7)
FNDA:0,(anonymous_8)
FNDA:0,(anonymous_9)
FNDA:0,(anonymous_10)
FNDA:0,(anonymous_11)
FNDA:0,(anonymous_12)
FNDA:0,(anonymous_13)
FNDA:0,(anonymous_14)
FNDA:0,(anonymous_15)
FNDA:0,(anonymous_16)
FNDA:0,(anonymous_17)
FNDA:0,(anonymous_18)
FNDA:0,(anonymous_19)
FNDA:0,(anonymous_20)
FNDA:0,(anonymous_21)
FNDA:0,(anonymous_22)
FNDA:0,(anonymous_23)
FNDA:0,(anonymous_24)
FNDA:12,(anonymous_25)
FNDA:0,(anonymous_26)
FNDA:0,(anonymous_27)
FNDA:0,(anonymous_28)
FNDA:0,(anonymous_29)
FNDA:0,(anonymous_30)
FNDA:0,(anonymous_31)
FNDA:0,(anonymous_32)
DA:68,2
DA:78,2
DA:81,2
DA:83,44
DA:84,0
DA:86,0
DA:87,0
DA:89,0
DA:93,0
DA:94,0
DA:95,0
DA:97,0
DA:98,0
DA:103,2
DA:105,12
DA:108,12
DA:109,12
DA:110,12
DA:111,12
DA:112,12
DA:113,12
DA:114,12
DA:115,12
DA:116,12
DA:117,12
DA:118,12
DA:119,12
DA:120,12
DA:121,12
DA:122,12
DA:123,12
DA:124,12
DA:125,12
DA:126,12
DA:129,12
DA:130,12
DA:131,12
DA:132,12
DA:133,12
DA:134,12
DA:137,12
DA:138,12
DA:139,12
DA:142,12
DA:144,11
DA:145,0
DA:147,0
DA:148,0
DA:149,0
DA:150,0
DA:151,0
DA:154,11
DA:157,11
DA:165,0
DA:166,0
DA:167,0
DA:168,0
DA:170,0
DA:172,0
DA:173,0
DA:174,0
DA:177,0
DA:178,0
DA:182,0
DA:183,0
DA:184,0
DA:185,0
DA:186,0
DA:187,0
DA:188,0
DA:190,0
DA:191,0
DA:192,0
DA:197,0
DA:203,0
DA:204,0
DA:205,0
DA:206,0
DA:207,0
DA:209,0
DA:210,0
DA:211,0
DA:212,0
DA:213,0
DA:217,0
DA:219,0
DA:220,0
DA:221,0
DA:222,0
DA:223,0
DA:224,0
DA:225,0
DA:226,0
DA:227,0
DA:228,0
DA:230,0
DA:231,0
DA:233,0
DA:234,0
DA:235,0
DA:236,0
DA:237,0
DA:238,0
DA:239,0
DA:240,0
DA:243,0
DA:244,0
DA:247,0
DA:254,0
DA:258,0
DA:261,0
DA:263,0
DA:264,0
DA:265,0
DA:266,0
DA:268,0
DA:270,0
DA:272,0
DA:273,0
DA:276,0
DA:277,0
DA:278,0
DA:281,0
DA:282,0
DA:283,0
DA:284,0
DA:285,0
DA:286,0
DA:287,0
DA:288,0
DA:289,0
DA:290,0
DA:292,0
DA:293,0
DA:294,0
DA:295,0
DA:296,0
DA:297,0
DA:298,0
DA:299,0
DA:300,0
DA:304,0
DA:305,0
DA:306,0
DA:308,0
DA:310,12
DA:314,12
DA:315,12
DA:316,12
DA:317,12
DA:320,12
DA:324,12
DA:325,12
DA:329,12
DA:330,12
DA:332,12
DA:333,12
DA:335,0
DA:337,0
DA:339,0
DA:340,0
DA:341,0
DA:344,0
DA:345,0
DA:346,0
DA:347,0
DA:349,0
DA:350,0
DA:351,0
DA:353,0
DA:357,0
DA:360,0
DA:361,0
DA:366,12
DA:368,12
DA:369,0
DA:372,0
DA:374,0
DA:377,0
DA:380,0
DA:388,0
DA:389,0
DA:391,0
DA:396,12
DA:397,0
DA:398,0
DA:399,0
DA:400,0
DA:401,0
DA:402,0
DA:403,0
DA:406,0
DA:407,0
DA:408,0
DA:409,0
DA:411,0
DA:412,0
DA:414,0
DA:416,0
DA:418,0
DA:420,0
DA:421,0
DA:422,0
DA:426,12
DA:427,0
DA:428,0
DA:429,0
DA:430,0
DA:431,0
DA:433,0
DA:437,12
DA:438,0
DA:439,0
DA:440,0
DA:441,0
DA:442,0
DA:444,0
DA:448,12
DA:449,0
DA:450,0
DA:451,0
DA:452,0
DA:453,0
DA:454,0
DA:455,0
DA:457,0
DA:461,12
DA:462,0
DA:463,0
DA:464,0
DA:467,0
DA:468,0
DA:469,0
DA:470,0
DA:471,0
DA:474,0
DA:475,0
DA:476,0
DA:477,0
DA:478,0
DA:479,0
DA:481,0
DA:484,0
DA:488,12
DA:489,0
DA:490,0
DA:491,0
DA:494,0
DA:495,0
DA:498,0
DA:499,0
DA:502,0
DA:503,0
DA:504,0
DA:505,0
DA:506,0
DA:508,0
DA:509,0
DA:513,12
DA:514,0
DA:515,0
DA:518,0
DA:519,0
DA:520,0
DA:522,0
DA:527,0
DA:528,0
DA:529,0
DA:532,0
DA:535,0
DA:537,0
DA:539,0
DA:540,0
DA:545,0
DA:549,12
DA:550,0
DA:551,0
DA:554,12
DA:590,0
DA:591,0
DA:592,0
DA:594,0
DA:597,0
DA:600,0
DA:604,0
DA:605,0
DA:607,0
DA:608,0
DA:609,0
DA:614,0
DA:619,0
DA:620,0
DA:621,0
DA:622,0
DA:625,0
DA:626,0
DA:627,0
DA:628,0
DA:629,0
DA:635,0
DA:636,0
DA:637,0
DA:640,0
DA:645,0
DA:646,0
DA:652,0
LF:306
LH:61
BRDA:83,0,0,0
BRDA:83,0,1,0
BRDA:83,1,0,44
BRDA:83,1,1,44
BRDA:83,1,2,0
BRDA:93,2,0,0
BRDA:93,2,1,0
BRDA:93,3,0,0
BRDA:93,3,1,0
BRDA:93,3,2,0
BRDA:144,4,0,0
BRDA:144,4,1,11
BRDA:165,5,0,0
BRDA:165,5,1,0
BRDA:166,6,0,0
BRDA:166,6,1,0
BRDA:174,7,0,0
BRDA:174,7,1,0
BRDA:178,8,0,0
BRDA:178,8,1,0
BRDA:183,9,0,0
BRDA:183,9,1,0
BRDA:184,10,0,0
BRDA:184,10,1,0
BRDA:186,11,0,0
BRDA:186,11,1,0
BRDA:187,12,0,0
BRDA:187,12,1,0
BRDA:188,13,0,0
BRDA:188,13,1,0
BRDA:197,14,0,0
BRDA:197,14,1,0
BRDA:197,14,2,0
BRDA:197,14,3,0
BRDA:203,15,0,0
BRDA:203,15,1,0
BRDA:203,16,0,0
BRDA:203,16,1,0
BRDA:209,17,0,0
BRDA:209,17,1,0
BRDA:209,18,0,0
BRDA:209,18,1,0
BRDA:217,19,0,0
BRDA:217,19,1,0
BRDA:221,20,0,0
BRDA:221,20,1,0
BRDA:221,21,0,0
BRDA:221,21,1,0
BRDA:223,22,0,0
BRDA:223,22,1,0
BRDA:225,23,0,0
BRDA:225,23,1,0
BRDA:227,24,0,0
BRDA:227,24,1,0
BRDA:231,25,0,0
BRDA:231,25,1,0
BRDA:233,26,0,0
BRDA:233,26,1,0
BRDA:247,27,0,0
BRDA:247,27,1,0
BRDA:248,28,0,0
BRDA:248,28,1,0
BRDA:249,29,0,0
BRDA:249,29,1,0
BRDA:250,30,0,0
BRDA:250,30,1,0
BRDA:251,31,0,0
BRDA:251,31,1,0
BRDA:252,32,0,0
BRDA:252,32,1,0
BRDA:261,33,0,0
BRDA:261,33,1,0
BRDA:264,34,0,0
BRDA:264,34,1,0
BRDA:270,35,0,0
BRDA:270,35,1,0
BRDA:282,36,0,0
BRDA:282,36,1,0
BRDA:282,37,0,0
BRDA:282,37,1,0
BRDA:282,38,0,0
BRDA:282,38,1,0
BRDA:306,39,0,0
BRDA:306,39,1,0
BRDA:333,40,0,0
BRDA:333,40,1,0
BRDA:339,41,0,0
BRDA:339,41,1,0
BRDA:339,42,0,0
BRDA:339,42,1,0
BRDA:344,43,0,0
BRDA:344,43,1,0
BRDA:344,44,0,0
BRDA:344,44,1,0
BRDA:369,45,0,0
BRDA:369,45,1,0
BRDA:369,46,0,0
BRDA:369,46,1,0
BRDA:372,47,0,0
BRDA:372,47,1,0
BRDA:372,48,0,0
BRDA:372,48,1,0
BRDA:386,49,0,0
BRDA:386,49,1,0
BRDA:407,50,0,0
BRDA:407,50,1,0
BRDA:407,51,0,0
BRDA:407,51,1,0
BRDA:408,52,0,0
BRDA:408,52,1,0
BRDA:411,53,0,0
BRDA:411,53,1,0
BRDA:412,54,0,0
BRDA:412,54,1,0
BRDA:418,55,0,0
BRDA:418,55,1,0
BRDA:422,56,0,0
BRDA:422,56,1,0
BRDA:462,57,0,0
BRDA:462,57,1,0
BRDA:462,58,0,0
BRDA:462,58,1,0
BRDA:475,59,0,0
BRDA:475,59,1,0
BRDA:489,60,0,0
BRDA:489,60,1,0
BRDA:514,61,0,0
BRDA:514,61,1,0
BRDA:527,62,0,0
BRDA:527,62,1,0
BRDA:542,63,0,0
BRDA:542,63,1,0
BRDA:562,64,0,12
BRDA:562,64,1,12
BRDA:562,64,2,12
BRDA:562,64,3,12
BRDA:563,65,0,0
BRDA:563,65,1,12
BRDA:563,66,0,12
BRDA:563,66,1,0
BRDA:614,67,0,0
BRDA:614,67,1,0
BRDA:614,67,2,0
BRDA:614,67,3,0
BRDA:619,68,0,0
BRDA:619,68,1,0
BRDA:619,69,0,0
BRDA:619,69,1,0
BRDA:625,70,0,0
BRDA:625,70,1,0
BRDA:625,71,0,0
BRDA:625,71,1,0
BRDA:627,72,0,0
BRDA:627,72,1,0
BRDA:635,73,0,0
BRDA:635,73,1,0
BRF:156
BRH:9
end_of_record
TN:
SF:repos/SubscriptionRepo.ts
FN:48,(anonymous_0)
FN:68,(anonymous_1)
FN:108,(anonymous_2)
FN:122,(anonymous_3)
FN:133,(anonymous_4)
FN:147,(anonymous_5)
FN:183,(anonymous_6)
FN:211,(anonymous_7)
FN:244,(anonymous_8)
FN:281,(anonymous_9)
FN:290,(anonymous_10)
FN:301,(anonymous_11)
FN:308,(anonymous_12)
FN:315,(anonymous_13)
FN:332,(anonymous_14)
FN:346,(anonymous_15)
FN:363,(anonymous_16)
FNF:17
FNH:0
FNDA:0,(anonymous_0)
FNDA:0,(anonymous_1)
FNDA:0,(anonymous_2)
FNDA:0,(anonymous_3)
FNDA:0,(anonymous_4)
FNDA:0,(anonymous_5)
FNDA:0,(anonymous_6)
FNDA:0,(anonymous_7)
FNDA:0,(anonymous_8)
FNDA:0,(anonymous_9)
FNDA:0,(anonymous_10)
FNDA:0,(anonymous_11)
FNDA:0,(anonymous_12)
FNDA:0,(anonymous_13)
FNDA:0,(anonymous_14)
FNDA:0,(anonymous_15)
FNDA:0,(anonymous_16)
DA:45,2
DA:47,2
DA:49,0
DA:50,0
DA:52,0
DA:62,0
DA:63,0
DA:67,2
DA:69,0
DA:70,0
DA:71,0
DA:72,0
DA:74,0
DA:75,0
DA:76,0
DA:77,0
DA:78,0
DA:79,0
DA:83,0
DA:101,0
DA:103,0
DA:104,0
DA:113,0
DA:118,0
DA:119,0
DA:124,0
DA:129,0
DA:130,0
DA:134,0
DA:135,0
DA:139,0
DA:140,0
DA:141,0
DA:143,0
DA:158,0
DA:159,0
DA:168,0
DA:169,0
DA:170,0
DA:178,0
DA:179,0
DA:191,0
DA:192,0
DA:197,0
DA:198,0
DA:199,0
DA:206,0
DA:207,0
DA:222,0
DA:223,0
DA:228,0
DA:229,0
DA:230,0
DA:239,0
DA:240,0
DA:257,0
DA:258,0
DA:263,0
DA:264,0
DA:265,0
DA:274,0
DA:275,0
DA:280,2
DA:282,0
DA:283,0
DA:284,0
DA:286,0
DA:287,0
DA:295,0
DA:296,0
DA:298,0
DA:302,0
DA:303,0
DA:305,0
DA:309,0
DA:310,0
DA:312,0
DA:326,0
DA:327,0
DA:329,0
DA:340,0
DA:341,0
DA:343,0
DA:357,0
DA:358,0
DA:360,0
DA:376,0
DA:377,0
DA:379,0
LF:89
LH:4
BRDA:50,0,0,0
BRDA:50,0,1,0
BRDA:71,1,0,0
BRDA:71,1,1,0
BRDA:75,2,0,0
BRDA:75,2,1,0
BRDA:77,3,0,0
BRDA:77,3,1,0
BRDA:78,4,0,0
BRDA:78,4,1,0
BRDA:79,5,0,0
BRDA:79,5,1,0
BRDA:79,6,0,0
BRDA:79,6,1,0
BRDA:79,7,0,0
BRDA:79,7,1,0
BRDA:84,8,0,0
BRDA:84,8,1,0
BRDA:85,9,0,0
BRDA:85,9,1,0
BRDA:86,10,0,0
BRDA:86,10,1,0
BRDA:89,11,0,0
BRDA:89,11,1,0
BRDA:92,12,0,0
BRDA:92,12,1,0
BRDA:93,13,0,0
BRDA:93,13,1,0
BRDA:94,14,0,0
BRDA:94,14,1,0
BRDA:94,15,0,0
BRDA:94,15,1,0
BRDA:94,16,0,0
BRDA:94,16,1,0
BRDA:95,17,0,0
BRDA:95,17,1,0
BRDA:96,18,0,0
BRDA:96,18,1,0
BRDA:97,19,0,0
BRDA:97,19,1,0
BRDA:99,20,0,0
BRDA:99,20,1,0
BRDA:118,21,0,0
BRDA:118,21,1,0
BRDA:129,22,0,0
BRDA:129,22,1,0
BRDA:139,23,0,0
BRDA:139,23,1,0
BRDA:147,24,0,0
BRDA:163,25,0,0
BRDA:163,25,1,0
BRDA:164,26,0,0
BRDA:164,26,1,0
BRDA:165,27,0,0
BRDA:165,27,1,0
BRDA:168,28,0,0
BRDA:168,28,1,0
BRDA:195,29,0,0
BRDA:195,29,1,0
BRDA:197,30,0,0
BRDA:197,30,1,0
BRDA:228,31,0,0
BRDA:228,31,1,0
BRDA:263,32,0,0
BRDA:263,32,1,0
BRDA:282,33,0,0
BRDA:282,33,1,0
BRDA:295,34,0,0
BRDA:295,34,1,0
BRDA:302,35,0,0
BRDA:302,35,1,0
BRDA:309,36,0,0
BRDA:309,36,1,0
BRDA:326,37,0,0
BRDA:326,37,1,0
BRDA:340,38,0,0
BRDA:340,38,1,0
BRDA:357,39,0,0
BRDA:357,39,1,0
BRDA:376,40,0,0
BRDA:376,40,1,0
BRF:81
BRH:0
end_of_record
